
make[2]: Entering directory '/home/runner/work/Zzz/Zzz/openwrt/scripts/config'
make[2]: 'conf' is up to date.
make[2]: Leaving directory '/home/runner/work/Zzz/Zzz/openwrt/scripts/config'
make[1]: Entering directory '/home/runner/work/Zzz/Zzz/openwrt'
make[2]: Entering directory '/home/runner/work/Zzz/Zzz/openwrt/package/toolchain'
make[2]: Entering directory '/home/runner/work/Zzz/Zzz/openwrt/feeds/packages/lang/golang/golang'
Makefile:735: WARNING: skipping libgomp -- package has no install section
echo "libc" >> /home/runner/work/Zzz/Zzz/openwrt/staging_dir/target-mipsel_24kc_musl/pkginfo/toolchain.default.install
echo "libgcc" >> /home/runner/work/Zzz/Zzz/openwrt/staging_dir/target-mipsel_24kc_musl/pkginfo/toolchain.default.install
echo "libpthread" >> /home/runner/work/Zzz/Zzz/openwrt/staging_dir/target-mipsel_24kc_musl/pkginfo/toolchain.default.install
make[2]: Leaving directory '/home/runner/work/Zzz/Zzz/openwrt/package/toolchain'
time: package/toolchain/compile#0.31#0.07#0.40
make[2]: Entering directory '/home/runner/work/Zzz/Zzz/openwrt/feeds/base/package/system/ca-certificates'
echo "ca-bundle" >> /home/runner/work/Zzz/Zzz/openwrt/staging_dir/target-mipsel_24kc_musl/pkginfo/ca-certificates.default.install
make[2]: Leaving directory '/home/runner/work/Zzz/Zzz/openwrt/feeds/base/package/system/ca-certificates'
time: package/feeds/base/ca-certificates/compile#0.18#0.06#0.26
make[2]: Leaving directory '/home/runner/work/Zzz/Zzz/openwrt/feeds/packages/lang/golang/golang'
time: package/feeds/packages/golang/host-compile#0.71#0.22#0.82
make[2]: Entering directory '/home/runner/work/Zzz/Zzz/openwrt/feeds/kiddin9/gost'
mkdir -p /home/runner/work/Zzz/Zzz/openwrt/dl
SHELL= flock /home/runner/work/Zzz/Zzz/openwrt/tmp/.gost-2.11.5.tar.gz.flock -c '  	/home/runner/work/Zzz/Zzz/openwrt/scripts/download.pl "/home/runner/work/Zzz/Zzz/openwrt/dl" "gost-2.11.5.tar.gz" "dab48b785f4d2df6c2f5619a4b9a2ac6e8b708f667a4d89c7d08df67ad7c5ca7" "" "https://codeload.github.com/ginuerzh/gost/tar.gz/v2.11.5?"    '
+ curl -f --connect-timeout 20 --retry 5 --location https://codeload.github.com/ginuerzh/gost/tar.gz/v2.11.5?/gost-2.11.5.tar.gz
  % Total    % Received % Xferd  Average Speed   Time    Time     Time  Current
                                 Dload  Upload   Total   Spent    Left  Speed
  0     0    0     0    0     0      0      0 --:--:-- --:--:-- --:--:--     0  0     0    0     0    0     0      0      0 --:--:-- --:--:-- --:--:--     0100  184k    0  184k    0     0   457k      0 --:--:-- --:--:-- --:--:--  457k
touch /home/runner/work/Zzz/Zzz/openwrt/build_dir/target-mipsel_24kc_musl/gost-2.11.5/.prepared_efd7678dd3b77a5b7a5c4c3d8c7817f2_6664517399ebbbc92a37c5bb081b5c53_check
. /home/runner/work/Zzz/Zzz/openwrt/include/shell.sh; gzip -dc /home/runner/work/Zzz/Zzz/openwrt/dl/gost-2.11.5.tar.gz | tar -C /home/runner/work/Zzz/Zzz/openwrt/build_dir/target-mipsel_24kc_musl/gost-2.11.5/.. -xf -
[ ! -d ./src/ ] || cp -fpR ./src/. /home/runner/work/Zzz/Zzz/openwrt/build_dir/target-mipsel_24kc_musl/gost-2.11.5
touch /home/runner/work/Zzz/Zzz/openwrt/build_dir/target-mipsel_24kc_musl/gost-2.11.5/.prepared_efd7678dd3b77a5b7a5c4c3d8c7817f2_6664517399ebbbc92a37c5bb081b5c53
rm -f /home/runner/work/Zzz/Zzz/openwrt/build_dir/target-mipsel_24kc_musl/gost-2.11.5/.configured_*
rm -f /home/runner/work/Zzz/Zzz/openwrt/staging_dir/target-mipsel_24kc_musl/stamp/.gost_installed
CONFIG_GOLANG_MOD_CACHE_WORLD_READABLE="" GO_BUILD_CACHE_DIR="/home/runner/work/Zzz/Zzz/openwrt/tmp/go-build" GO_MOD_CACHE_DIR="/home/runner/work/Zzz/Zzz/openwrt/dl/go-mod-cache" GO_MOD_ARGS="-modcacherw" GO_PKG="github.com/ginuerzh/gost" GO_INSTALL_EXTRA="" GO_INSTALL_ALL="" GO_SOURCE_ONLY="" GO_BUILD_PKG="github.com/ginuerzh/gost/cmd/gost" GO_EXCLUDES="" GO_GO_GENERATE="" GO_INSTALL_BIN_PATH="/usr/bin" BUILD_DIR="/home/runner/work/Zzz/Zzz/openwrt/build_dir/target-mipsel_24kc_musl/gost-2.11.5" GO_BUILD_DIR="/home/runner/work/Zzz/Zzz/openwrt/build_dir/target-mipsel_24kc_musl/gost-2.11.5/.go_work/build" GO_BUILD_BIN_DIR="/home/runner/work/Zzz/Zzz/openwrt/build_dir/target-mipsel_24kc_musl/gost-2.11.5/.go_work/build/bin/linux_mipsle" GO_BUILD_DEPENDS_PATH="/usr/share/gocode" GO_BUILD_DEPENDS_SRC="/home/runner/work/Zzz/Zzz/openwrt/staging_dir/target-mipsel_24kc_musl/usr/share/gocode/src" /usr/bin/env bash /home/runner/work/Zzz/Zzz/openwrt/feeds/packages/lang/golang//golang-build.sh configure
Copying files from /home/runner/work/Zzz/Zzz/openwrt/build_dir/target-mipsel_24kc_musl/gost-2.11.5 into /home/runner/work/Zzz/Zzz/openwrt/build_dir/target-mipsel_24kc_musl/gost-2.11.5/.go_work/build/src/github.com/ginuerzh/gost
auth.go
auth_test.go
bypass.go
bypass_test.go
chain.go
client.go
cmd/gost/cfg.go
cmd/gost/main.go
cmd/gost/peer.go
cmd/gost/route.go
common_test.go
dns.go
examples/bench/cli.go
examples/bench/srv.go
examples/forward/direct/client.go
examples/forward/direct/server.go
examples/forward/remote/client.go
examples/forward/remote/server.go
examples/forward/udp/cli.go
examples/forward/udp/direct.go
examples/forward/udp/remote.go
examples/forward/udp/srv.go
examples/http2/http2.go
examples/quic/quicc.go
examples/quic/quics.go
examples/ssh/sshc.go
examples/ssh/sshd.go
examples/ssu/ssu.go
forward.go
forward_test.go
ftcp.go
go.mod
go.sum
gost.go
handler.go
handler_test.go
hosts.go
hosts_test.go
http.go
http2.go
http2_test.go
http_test.go
kcp.go
kcp_test.go
log.go
mux.go
node.go
node_test.go
obfs.go
obfs_test.go
permissions.go
permissions_test.go
quic.go
quic_test.go
redirect.go
redirect_other.go
relay.go
reload.go
resolver.go
resolver_test.go
selector.go
selector_test.go
server.go
signal.go
signal_unix.go
sni.go
sni_test.go
sockopts_linux.go
sockopts_other.go
socks.go
socks_test.go
ss.go
ss_test.go
ssh.go
ssh_test.go
tcp.go
tls.go
tls_test.go
tuntap.go
tuntap_darwin.go
tuntap_linux.go
tuntap_unix.go
tuntap_windows.go
udp.go
ws.go
ws_test.go
wss_test.go

Symlinking directories from /home/runner/work/Zzz/Zzz/openwrt/staging_dir/target-mipsel_24kc_musl/usr/share/gocode/src into /home/runner/work/Zzz/Zzz/openwrt/build_dir/target-mipsel_24kc_musl/gost-2.11.5/.go_work/build/src
.../github.com/AdguardTeam
.../github.com/txthinking
.../github.com/filebrowser

touch /home/runner/work/Zzz/Zzz/openwrt/build_dir/target-mipsel_24kc_musl/gost-2.11.5/.configured_68b329da9893e34099c7d8ad5cb9c940
rm -f /home/runner/work/Zzz/Zzz/openwrt/build_dir/target-mipsel_24kc_musl/gost-2.11.5/.built
touch /home/runner/work/Zzz/Zzz/openwrt/build_dir/target-mipsel_24kc_musl/gost-2.11.5/.built_check
CONFIG_GOLANG_MOD_CACHE_WORLD_READABLE="" GO_BUILD_CACHE_DIR="/home/runner/work/Zzz/Zzz/openwrt/tmp/go-build" GO_MOD_CACHE_DIR="/home/runner/work/Zzz/Zzz/openwrt/dl/go-mod-cache" GO_MOD_ARGS="-modcacherw" GO_PKG="github.com/ginuerzh/gost" GO_INSTALL_EXTRA="" GO_INSTALL_ALL="" GO_SOURCE_ONLY="" GO_BUILD_PKG="github.com/ginuerzh/gost/cmd/gost" GO_EXCLUDES="" GO_GO_GENERATE="" GO_INSTALL_BIN_PATH="/usr/bin" BUILD_DIR="/home/runner/work/Zzz/Zzz/openwrt/build_dir/target-mipsel_24kc_musl/gost-2.11.5" GO_BUILD_DIR="/home/runner/work/Zzz/Zzz/openwrt/build_dir/target-mipsel_24kc_musl/gost-2.11.5/.go_work/build" GO_BUILD_BIN_DIR="/home/runner/work/Zzz/Zzz/openwrt/build_dir/target-mipsel_24kc_musl/gost-2.11.5/.go_work/build/bin/linux_mipsle" GO_BUILD_DEPENDS_PATH="/usr/share/gocode" GO_BUILD_DEPENDS_SRC="/home/runner/work/Zzz/Zzz/openwrt/staging_dir/target-mipsel_24kc_musl/usr/share/gocode/src" GOOS="linux" GOARCH="mipsle" GO386="" GOAMD64="" GOARM="" GOMIPS="softfloat" GOMIPS64="" GOPPC64="" CGO_ENABLED=1 CC="mipsel-openwrt-linux-musl-gcc" CXX="mipsel-openwrt-linux-musl-g++" CGO_CFLAGS="-Os -pipe -mno-branch-likely -mtune=24kc -fno-caller-saves -fno-plt -fhonour-copts -Wno-error=unused-but-set-variable -Wno-error=unused-result -msoft-float -ffile-prefix-map=/home/runner/work/Zzz/Zzz/openwrt/build_dir/target-mipsel_24kc_musl/gost-2.11.5=gost-2.11.5 -Wformat -Werror=format-security -fstack-protector -D_FORTIFY_SOURCE=1 -Wl,-z,now -Wl,-z,relro" CGO_CPPFLAGS="-I/home/runner/work/Zzz/Zzz/openwrt/staging_dir/toolchain-mipsel_24kc_gcc-11.2.0_musl/usr/include -I/home/runner/work/Zzz/Zzz/openwrt/staging_dir/toolchain-mipsel_24kc_gcc-11.2.0_musl/include/fortify -I/home/runner/work/Zzz/Zzz/openwrt/staging_dir/toolchain-mipsel_24kc_gcc-11.2.0_musl/include" CGO_CXXFLAGS="-Os -pipe -mno-branch-likely -mtune=24kc -fno-caller-saves -fno-plt -fhonour-copts -Wno-error=unused-but-set-variable -Wno-error=unused-result -msoft-float -ffile-prefix-map=/home/runner/work/Zzz/Zzz/openwrt/build_dir/target-mipsel_24kc_musl/gost-2.11.5=gost-2.11.5 -Wformat -Werror=format-security -fstack-protector -D_FORTIFY_SOURCE=1 -Wl,-z,now -Wl,-z,relro" CGO_LDFLAGS="-L/home/runner/work/Zzz/Zzz/openwrt/staging_dir/toolchain-mipsel_24kc_gcc-11.2.0_musl/usr/lib -L/home/runner/work/Zzz/Zzz/openwrt/staging_dir/toolchain-mipsel_24kc_gcc-11.2.0_musl/lib -znow -zrelro" GOPATH="/home/runner/work/Zzz/Zzz/openwrt/build_dir/target-mipsel_24kc_musl/gost-2.11.5/.go_work/build" GOCACHE="/home/runner/work/Zzz/Zzz/openwrt/tmp/go-build" GOMODCACHE="/home/runner/work/Zzz/Zzz/openwrt/dl/go-mod-cache" GOENV=off /usr/bin/env bash /home/runner/work/Zzz/Zzz/openwrt/feeds/packages/lang/golang//golang-build.sh build -v -buildvcs=false -trimpath -ldflags "all=-buildid '1683151631' -linkmode external -extldflags '-L/home/runner/work/Zzz/Zzz/openwrt/staging_dir/toolchain-mipsel_24kc_gcc-11.2.0_musl/usr/lib -L/home/runner/work/Zzz/Zzz/openwrt/staging_dir/toolchain-mipsel_24kc_gcc-11.2.0_musl/lib -Wl,-z,now -Wl,-z,relro'"     -installsuffix "softfloat"     
Finding targets
go: downloading github.com/go-log/log v0.2.0
go: downloading git.torproject.org/pluggable-transports/goptlib.git v1.2.0
go: downloading github.com/LiamHaworth/go-tproxy v0.0.0-20190726054950-ef7efd7f24ed
go: downloading github.com/asaskevich/govalidator v0.0.0-20210307081110-f21760c49a8d
go: downloading github.com/go-gost/gosocks4 v0.0.1
go: downloading github.com/go-gost/gosocks5 v0.3.0
go: downloading github.com/go-gost/relay v0.1.1-0.20211123134818-8ef7fd81ffd7
go: downloading github.com/go-gost/tls-dissector v0.0.2-0.20220408131628-aac992c27451
go: downloading github.com/gobwas/glob v0.2.3
go: downloading github.com/klauspost/compress v1.13.6
go: downloading github.com/lucas-clemente/quic-go v0.28.1
go: downloading github.com/miekg/dns v1.1.47
go: downloading github.com/ryanuber/go-glob v1.0.0
go: downloading github.com/shadowsocks/go-shadowsocks2 v0.1.5
go: downloading github.com/shadowsocks/shadowsocks-go v0.0.0-20200409064450-3e585ff90601
go: downloading github.com/songgao/water v0.0.0-20200317203138-2b4b6d7c09d8
go: downloading github.com/xtaci/kcp-go/v5 v5.6.1
go: downloading github.com/xtaci/smux v1.5.16
go: downloading github.com/xtaci/tcpraw v1.2.25
go: downloading gitlab.com/yawning/obfs4.git v0.0.0-20220204003609-77af0cba934d
go: downloading golang.org/x/crypto v0.0.0-20220817201139-bc19a97f63c8
go: downloading golang.org/x/net v0.0.0-20220812174116-3211cb980234
go: downloading github.com/cheekybits/genny v1.0.0
go: downloading golang.org/x/sys v0.0.0-20220817070843-5a390386f1f2
go: downloading github.com/klauspost/reedsolomon v1.9.15
go: downloading github.com/templexxx/xorsimd v0.4.1
go: downloading github.com/tjfoc/gmsm v1.4.1
go: downloading github.com/coreos/go-iptables v0.6.0
go: downloading github.com/riobard/go-bloom v0.0.0-20200614022211-cdc8013cb5b3
go: downloading github.com/klauspost/cpuid/v2 v2.0.9
go: downloading github.com/templexxx/cpu v0.0.10-0.20211111114238-98168dcec14a
go: downloading github.com/dchest/siphash v1.2.2
go: downloading golang.org/x/text v0.3.7
go: downloading github.com/marten-seemann/qtls-go1-19 v0.1.0
go: downloading filippo.io/edwards25519 v1.0.0-rc.1.0.20210721174708-390f27c3be20
go: downloading gitlab.com/yawning/edwards25519-extra.git v0.0.0-20211229043746-2f91fcc9fbdb

Building targets
github.com/go-log/log
runtime/cgo
github.com/gobwas/glob/util/runes
github.com/gobwas/glob/util/strings
github.com/gobwas/glob/match
github.com/gobwas/glob/syntax/lexer
github.com/gobwas/glob/syntax/ast
github.com/gobwas/glob/compiler
github.com/gobwas/glob/syntax
github.com/gobwas/glob
github.com/klauspost/compress/s2
net
github.com/klauspost/compress/snappy
github.com/cheekybits/genny/generic
github.com/lucas-clemente/quic-go/internal/protocol
golang.org/x/crypto/internal/alias
golang.org/x/crypto/chacha20
golang.org/x/crypto/internal/poly1305
golang.org/x/crypto/chacha20poly1305
golang.org/x/crypto/cryptobyte/asn1
golang.org/x/crypto/cryptobyte
golang.org/x/crypto/curve25519/internal/field
golang.org/x/crypto/curve25519
golang.org/x/crypto/hkdf
golang.org/x/sys/cpu
github.com/lucas-clemente/quic-go/quicvarint
golang.org/x/net/bpf
golang.org/x/net/internal/iana
golang.org/x/sys/internal/unsafeheader
golang.org/x/sys/unix
github.com/ryanuber/go-glob
github.com/riobard/go-bloom
github.com/shadowsocks/go-shadowsocks2/internal
github.com/aead/chacha20
golang.org/x/crypto/blowfish
golang.org/x/crypto/cast5
golang.org/x/crypto/salsa20/salsa
github.com/songgao/water
github.com/klauspost/cpuid/v2
git.torproject.org/pluggable-transports/goptlib.git
github.com/LiamHaworth/go-tproxy
github.com/asaskevich/govalidator
github.com/go-gost/gosocks4
github.com/go-gost/gosocks5
github.com/go-gost/relay
github.com/go-gost/tls-dissector
github.com/lucas-clemente/quic-go/internal/utils
github.com/marten-seemann/qtls-go1-19
golang.org/x/net/internal/socket
golang.org/x/net/ipv4
golang.org/x/net/ipv6
github.com/miekg/dns
github.com/lucas-clemente/quic-go/internal/qtls
# github.com/lucas-clemente/quic-go/internal/qtls
../../../../../dl/go-mod-cache/github.com/lucas-clemente/quic-go@v0.28.1/internal/qtls/go120.go:6:13: cannot use "The version of quic-go you're using can't be built on Go 1.20 yet. For more details, please see https://github.com/lucas-clemente/quic-go/wiki/quic-go-and-Go-versions." (untyped string constant "The version of quic-go you're using can't be built on Go 1.20 yet. F...) as int value in variable declaration
github.com/shadowsocks/go-shadowsocks2/shadowaead
github.com/shadowsocks/go-shadowsocks2/core
github.com/shadowsocks/shadowsocks-go/shadowsocks
github.com/songgao/water/waterutil
github.com/klauspost/reedsolomon
github.com/templexxx/cpu
github.com/templexxx/xorsimd
github.com/tjfoc/gmsm/sm4
golang.org/x/crypto/pbkdf2
golang.org/x/crypto/salsa20
golang.org/x/crypto/tea
golang.org/x/crypto/twofish
golang.org/x/crypto/xtea
github.com/xtaci/kcp-go/v5
github.com/xtaci/smux
github.com/coreos/go-iptables/iptables
github.com/xtaci/tcpraw
gitlab.com/yawning/obfs4.git/transports/base
gitlab.com/yawning/obfs4.git/common/csrand
github.com/dchest/siphash
filippo.io/edwards25519/field
gitlab.com/yawning/obfs4.git/common/drbg
filippo.io/edwards25519
gitlab.com/yawning/obfs4.git/common/probdist
gitlab.com/yawning/obfs4.git/common/replayfilter
golang.org/x/crypto/nacl/secretbox
gitlab.com/yawning/obfs4.git/transports/obfs4/framing
golang.org/x/crypto/ed25519
golang.org/x/crypto/ssh/internal/bcrypt_pbkdf
golang.org/x/crypto/ssh
gitlab.com/yawning/edwards25519-extra.git/internal/montgomery
gitlab.com/yawning/edwards25519-extra.git/elligator2
gitlab.com/yawning/obfs4.git/internal/x25519ell2
gitlab.com/yawning/obfs4.git/common/ntor
gitlab.com/yawning/obfs4.git/transports/obfs4
golang.org/x/text/transform
golang.org/x/text/unicode/bidi
golang.org/x/text/secure/bidirule
golang.org/x/text/unicode/norm
golang.org/x/net/idna
golang.org/x/net/http2/hpack
net/http/httputil
golang.org/x/net/http/httpguts
golang.org/x/net/http2

make[2]: *** [Makefile:50: /home/runner/work/Zzz/Zzz/openwrt/build_dir/target-mipsel_24kc_musl/gost-2.11.5/.built] Error 1
make[2]: Leaving directory '/home/runner/work/Zzz/Zzz/openwrt/feeds/kiddin9/gost'
time: package/feeds/kiddin9/gost/compile#20.98#2.96#14.14
    ERROR: package/feeds/kiddin9/gost failed to build.
make[1]: *** [package/Makefile:116: package/feeds/kiddin9/gost/compile] Error 1
make[1]: Leaving directory '/home/runner/work/Zzz/Zzz/openwrt'
make: *** [/home/runner/work/Zzz/Zzz/openwrt/include/toplevel.mk:222: package/gost/compile] Error 2
