make[2]: Entering directory '/home/runner/work/Zzz/Zzz/openwrt/scripts/config'
make[2]: 'conf' is up to date.
make[2]: Leaving directory '/home/runner/work/Zzz/Zzz/openwrt/scripts/config'
make[1]: Entering directory '/home/runner/work/Zzz/Zzz/openwrt'
make[2]: Entering directory '/home/runner/work/Zzz/Zzz/openwrt/package/toolchain'
Makefile:735: WARNING: skipping libgomp -- package has no install section
echo "libc" >> /home/runner/work/Zzz/Zzz/openwrt/staging_dir/target-mipsel_24kc_musl/pkginfo/toolchain.default.install
echo "libgcc" >> /home/runner/work/Zzz/Zzz/openwrt/staging_dir/target-mipsel_24kc_musl/pkginfo/toolchain.default.install
echo "libpthread" >> /home/runner/work/Zzz/Zzz/openwrt/staging_dir/target-mipsel_24kc_musl/pkginfo/toolchain.default.install
make[2]: Leaving directory '/home/runner/work/Zzz/Zzz/openwrt/package/toolchain'
time: package/toolchain/compile#0.28#0.10#0.36
make[2]: Entering directory '/home/runner/work/Zzz/Zzz/openwrt/feeds/base/package/libs/openssl'
make[2]: Leaving directory '/home/runner/work/Zzz/Zzz/openwrt/feeds/base/package/libs/openssl'
time: package/feeds/base/openssl/compile#0.24#0.06#0.27
make[2]: Entering directory '/home/runner/work/Zzz/Zzz/openwrt/feeds/base/package/libs/pcre'
make[2]: Leaving directory '/home/runner/work/Zzz/Zzz/openwrt/feeds/base/package/libs/pcre'
time: package/feeds/base/pcre/compile#0.22#0.09#0.28
make[2]: Entering directory '/home/runner/work/Zzz/Zzz/openwrt/feeds/kiddin9/accel-ppp'
mkdir -p /home/runner/work/Zzz/Zzz/openwrt/dl
SHELL= flock /home/runner/work/Zzz/Zzz/openwrt/tmp/.accel-ppp-1.11.2.tar.xz.flock -c '  	 /home/runner/work/Zzz/Zzz/openwrt/scripts/dl_github_archive.py --dl-dir="/home/runner/work/Zzz/Zzz/openwrt/dl" --url="https://github.com/xebd/accel-ppp.git" --version="04aaeb9bb66c7150bcfea7aadf48663624676316" --subdir="accel-ppp-1.11.2" --source="accel-ppp-1.11.2.tar.xz" --hash="x" || ( 	echo "Checking out files from the git repository..."; mkdir -p /home/runner/work/Zzz/Zzz/openwrt/tmp/dl && cd /home/runner/work/Zzz/Zzz/openwrt/tmp/dl && rm -rf accel-ppp-1.11.2 && [ \! -d accel-ppp-1.11.2 ] && git clone  https://github.com/xebd/accel-ppp.git accel-ppp-1.11.2 && (cd accel-ppp-1.11.2 && git checkout 04aaeb9bb66c7150bcfea7aadf48663624676316 && git submodule update --init --recursive) && echo "Packing checkout..." && export TAR_TIMESTAMP=`cd accel-ppp-1.11.2 && git log -1 --format='\''@%ct'\''` && rm -rf accel-ppp-1.11.2/.git && 	tar --numeric-owner --owner=0 --group=0 --mode=a-s --sort=name ${TAR_TIMESTAMP:+--mtime="$TAR_TIMESTAMP"} -c accel-ppp-1.11.2 | 	xz -zc -7e > /home/runner/work/Zzz/Zzz/openwrt/tmp/dl/accel-ppp-1.11.2.tar.xz && mv /home/runner/work/Zzz/Zzz/openwrt/tmp/dl/accel-ppp-1.11.2.tar.xz /home/runner/work/Zzz/Zzz/openwrt/dl/ && rm -rf accel-ppp-1.11.2; );     '
accel-ppp-1.11.2.tar.xz: Download from https://github.com/xebd/accel-ppp.git failed
accel-ppp-1.11.2.tar.xz: Requires sha256sum for verification
Checking out files from the git repository...
Cloning into 'accel-ppp-1.11.2'...
Note: switching to '04aaeb9bb66c7150bcfea7aadf48663624676316'.

You are in 'detached HEAD' state. You can look around, make experimental
changes and commit them, and you can discard any commits you make in this
state without impacting any branches by switching back to a branch.

If you want to create a new branch to retain commits you create, you may
do so (now or later) by using -c with the switch command. Example:

  git switch -c <new-branch-name>

Or undo this operation with:

  git switch -

Turn off this advice by setting config variable advice.detachedHead to false

HEAD is now at 04aaeb9 1.11.2 release
Packing checkout...
touch /home/runner/work/Zzz/Zzz/openwrt/build_dir/target-mipsel_24kc_musl/accel-ppp-1.11.2/.prepared_64cab4e2e2deab77eacfd759fc56a3d8_6664517399ebbbc92a37c5bb081b5c53_check
. /home/runner/work/Zzz/Zzz/openwrt/include/shell.sh; xzcat /home/runner/work/Zzz/Zzz/openwrt/dl/accel-ppp-1.11.2.tar.xz | tar -C /home/runner/work/Zzz/Zzz/openwrt/build_dir/target-mipsel_24kc_musl/accel-ppp-1.11.2/.. -xf -
[ ! -d ./src/ ] || cp -fpR ./src/. /home/runner/work/Zzz/Zzz/openwrt/build_dir/target-mipsel_24kc_musl/accel-ppp-1.11.2

Applying ./patches/0001-cmakefile.patch using plaintext: 
patching file CMakeLists.txt
patching file accel-pppd/CMakeLists.txt
Hunk #1 succeeded at 111 (offset -14 lines).

Applying ./patches/0002-build-with-musl.patch using plaintext: 
patching file accel-pppd/ctrl/ipoe/arp.c
patching file accel-pppd/ctrl/pppoe/pppoe.c
patching file accel-pppd/include/ap_session.h
patching file accel-pppd/session_backup.c

Applying ./patches/0003-l2tp-session.patch using plaintext: 
patching file accel-pppd/ctrl/l2tp/l2tp.c
touch /home/runner/work/Zzz/Zzz/openwrt/build_dir/target-mipsel_24kc_musl/accel-ppp-1.11.2/.prepared_64cab4e2e2deab77eacfd759fc56a3d8_6664517399ebbbc92a37c5bb081b5c53
rm -f /home/runner/work/Zzz/Zzz/openwrt/build_dir/target-mipsel_24kc_musl/accel-ppp-1.11.2/.configured_*
rm -f /home/runner/work/Zzz/Zzz/openwrt/staging_dir/target-mipsel_24kc_musl/stamp/.accel-ppp_installed
mkdir -p /home/runner/work/Zzz/Zzz/openwrt/build_dir/target-mipsel_24kc_musl/accel-ppp-1.11.2
(cd /home/runner/work/Zzz/Zzz/openwrt/build_dir/target-mipsel_24kc_musl/accel-ppp-1.11.2; CFLAGS="-Os -pipe -mno-branch-likely -mips32r2 -mtune=24kc -fno-caller-saves -fno-plt -fhonour-copts -Wno-error=unused-but-set-variable -Wno-error=unused-result -msoft-float -mips16 -minterlink-mips16 -ffile-prefix-map=/home/runner/work/Zzz/Zzz/openwrt/build_dir/target-mipsel_24kc_musl/accel-ppp-1.11.2=accel-ppp-1.11.2 -Wformat -Werror=format-security -fstack-protector -D_FORTIFY_SOURCE=1 -Wl,-z,now -Wl,-z,relro -I/home/runner/work/Zzz/Zzz/openwrt/staging_dir/target-mipsel_24kc_musl/opt/include -D_GNU_SOURCE -g -O2 -Wno-incompatible-pointer-types " CXXFLAGS="-Os -pipe -mno-branch-likely -mips32r2 -mtune=24kc -fno-caller-saves -fno-plt -fhonour-copts -Wno-error=unused-but-set-variable -Wno-error=unused-result -msoft-float -mips16 -minterlink-mips16 -ffile-prefix-map=/home/runner/work/Zzz/Zzz/openwrt/build_dir/target-mipsel_24kc_musl/accel-ppp-1.11.2=accel-ppp-1.11.2 -Wformat -Werror=format-security -fstack-protector -D_FORTIFY_SOURCE=1 -Wl,-z,now -Wl,-z,relro -I/home/runner/work/Zzz/Zzz/openwrt/staging_dir/target-mipsel_24kc_musl/opt/include -D_GNU_SOURCE -g -O2 -Wno-incompatible-pointer-types " LDFLAGS="-L/home/runner/work/Zzz/Zzz/openwrt/staging_dir/toolchain-mipsel_24kc_gcc-11.2.0_musl/usr/lib -L/home/runner/work/Zzz/Zzz/openwrt/staging_dir/toolchain-mipsel_24kc_gcc-11.2.0_musl/lib -znow -zrelro -lpthread -latomic " cmake -DCMAKE_SYSTEM_NAME=Linux -DCMAKE_SYSTEM_VERSION=1 -DCMAKE_SYSTEM_PROCESSOR=mipsel -DCMAKE_BUILD_TYPE=Release -DCMAKE_C_FLAGS_RELEASE="-DNDEBUG" -DCMAKE_CXX_FLAGS_RELEASE="-DNDEBUG" -DCMAKE_C_COMPILER_LAUNCHER="" -DCMAKE_C_COMPILER="/home/runner/work/Zzz/Zzz/openwrt/staging_dir/toolchain-mipsel_24kc_gcc-11.2.0_musl/bin/mipsel-openwrt-linux-musl-gcc" -DCMAKE_CXX_COMPILER_LAUNCHER="" -DCMAKE_CXX_COMPILER="/home/runner/work/Zzz/Zzz/openwrt/staging_dir/toolchain-mipsel_24kc_gcc-11.2.0_musl/bin/mipsel-openwrt-linux-musl-g++" -DCMAKE_ASM_COMPILER_LAUNCHER="" -DCMAKE_ASM_COMPILER="/home/runner/work/Zzz/Zzz/openwrt/staging_dir/toolchain-mipsel_24kc_gcc-11.2.0_musl/bin/mipsel-openwrt-linux-musl-gcc" -DCMAKE_EXE_LINKER_FLAGS:STRING="-L/home/runner/work/Zzz/Zzz/openwrt/staging_dir/toolchain-mipsel_24kc_gcc-11.2.0_musl/usr/lib -L/home/runner/work/Zzz/Zzz/openwrt/staging_dir/toolchain-mipsel_24kc_gcc-11.2.0_musl/lib -znow -zrelro -lpthread -latomic" -DCMAKE_MODULE_LINKER_FLAGS:STRING="-L/home/runner/work/Zzz/Zzz/openwrt/staging_dir/toolchain-mipsel_24kc_gcc-11.2.0_musl/usr/lib -L/home/runner/work/Zzz/Zzz/openwrt/staging_dir/toolchain-mipsel_24kc_gcc-11.2.0_musl/lib -znow -zrelro -lpthread -latomic -Wl,-Bsymbolic-functions" -DCMAKE_SHARED_LINKER_FLAGS:STRING="-L/home/runner/work/Zzz/Zzz/openwrt/staging_dir/toolchain-mipsel_24kc_gcc-11.2.0_musl/usr/lib -L/home/runner/work/Zzz/Zzz/openwrt/staging_dir/toolchain-mipsel_24kc_gcc-11.2.0_musl/lib -znow -zrelro -lpthread -latomic -Wl,-Bsymbolic-functions" -DCMAKE_AR="/home/runner/work/Zzz/Zzz/openwrt/staging_dir/toolchain-mipsel_24kc_gcc-11.2.0_musl/bin/mipsel-openwrt-linux-musl-gcc-ar" -DCMAKE_NM="/home/runner/work/Zzz/Zzz/openwrt/staging_dir/toolchain-mipsel_24kc_gcc-11.2.0_musl/bin/mipsel-openwrt-linux-musl-gcc-nm" -DCMAKE_RANLIB="/home/runner/work/Zzz/Zzz/openwrt/staging_dir/toolchain-mipsel_24kc_gcc-11.2.0_musl/bin/mipsel-openwrt-linux-musl-gcc-ranlib" -DCMAKE_FIND_ROOT_PATH="/home/runner/work/Zzz/Zzz/openwrt/staging_dir/target-mipsel_24kc_musl/usr;/home/runner/work/Zzz/Zzz/openwrt/staging_dir/toolchain-mipsel_24kc_gcc-11.2.0_musl" -DCMAKE_FIND_ROOT_PATH_MODE_PROGRAM=BOTH -DCMAKE_FIND_ROOT_PATH_MODE_LIBRARY=ONLY -DCMAKE_FIND_ROOT_PATH_MODE_INCLUDE=ONLY -DCMAKE_STRIP=: -DCMAKE_INSTALL_PREFIX=/usr -DDL_LIBRARY=/home/runner/work/Zzz/Zzz/openwrt/staging_dir/target-mipsel_24kc_musl -DCMAKE_PREFIX_PATH=/home/runner/work/Zzz/Zzz/openwrt/staging_dir/target-mipsel_24kc_musl -DCMAKE_SKIP_RPATH=TRUE -DCMAKE_EXPORT_PACKAGE_REGISTRY=FALSE -DCMAKE_EXPORT_NO_PACKAGE_REGISTRY=TRUE -DCMAKE_FIND_USE_PACKAGE_REGISTRY=FALSE -DCMAKE_FIND_PACKAGE_NO_PACKAGE_REGISTRY=TRUE -DCMAKE_FIND_USE_SYSTEM_PACKAGE_REGISTRY=FALSE -DCMAKE_FIND_PACKAGE_NO_SYSTEM_PACKAGE_REGISTRY=TRUE -DCMAKE_GENERATOR="Ninja" -DBUILD_DRIVER=FALSE -DKDIR= -DCMAKE_INSTALL_PREFIX=/usr -DCMAKE_BUILD_TYPE=Release -DLOG_PGSQL=FALSE -DSHAPER=TRUE -DRADIUS=TRUE -DNETSNMP=FALSE -DLOG_FILE=TRUE -DLIB_SUFFIX=  /home/runner/work/Zzz/Zzz/openwrt/build_dir/target-mipsel_24kc_musl/accel-ppp-1.11.2 )
CMake Deprecation Warning at CMakeLists.txt:1 (cmake_minimum_required):
  Compatibility with CMake < 2.8.12 will be removed from a future version of
  CMake.

  Update the VERSION argument <min> value or use a ...<max> suffix to tell
  CMake that the project does not need compatibility with older versions.


CMake Deprecation Warning at CMakeLists.txt:3 (cmake_policy):
  The OLD behavior for policy CMP0003 will be removed from a future version
  of CMake.

  The cmake-policies(7) manual explains that the OLD behaviors of all
  policies are deprecated and that a policy should be set to OLD only under
  specific short-term circumstances.  Projects should be ported to the NEW
  behavior and not rely on setting a policy to OLD.


-- The C compiler identification is GNU 11.2.0
-- Detecting C compiler ABI info
-- Detecting C compiler ABI info - done
-- Check for working C compiler: /home/runner/work/Zzz/Zzz/openwrt/staging_dir/toolchain-mipsel_24kc_gcc-11.2.0_musl/bin/mipsel-openwrt-linux-musl-gcc - skipped
-- Detecting C compile features
-- Detecting C compile features - done
-- Looking for timerfd_create
-- Looking for timerfd_create - found
-- Looking for linux/netfilter/ipset/ip_set.h
-- Looking for linux/netfilter/ipset/ip_set.h - found
-- Configuring done
-- Generating done
CMake Warning:
  Manually-specified variables were not used by the project:

    BUILD_DRIVER
    CMAKE_ASM_COMPILER
    CMAKE_ASM_COMPILER_LAUNCHER
    CMAKE_CXX_COMPILER
    CMAKE_CXX_FLAGS_RELEASE
    CMAKE_EXPORT_NO_PACKAGE_REGISTRY
    CMAKE_EXPORT_PACKAGE_REGISTRY
    CMAKE_FIND_PACKAGE_NO_PACKAGE_REGISTRY
    CMAKE_FIND_PACKAGE_NO_SYSTEM_PACKAGE_REGISTRY
    CMAKE_FIND_USE_PACKAGE_REGISTRY
    CMAKE_FIND_USE_SYSTEM_PACKAGE_REGISTRY
    CMAKE_MODULE_LINKER_FLAGS
    DL_LIBRARY
    KDIR


-- Build files have been written to: /home/runner/work/Zzz/Zzz/openwrt/build_dir/target-mipsel_24kc_musl/accel-ppp-1.11.2
touch /home/runner/work/Zzz/Zzz/openwrt/build_dir/target-mipsel_24kc_musl/accel-ppp-1.11.2/.configured_68b329da9893e34099c7d8ad5cb9c940
rm -f /home/runner/work/Zzz/Zzz/openwrt/build_dir/target-mipsel_24kc_musl/accel-ppp-1.11.2/.built
touch /home/runner/work/Zzz/Zzz/openwrt/build_dir/target-mipsel_24kc_musl/accel-ppp-1.11.2/.built_check
MAKEFLAGS="" /home/runner/work/Zzz/Zzz/openwrt/staging_dir/host/bin/ninja  -j1 -C /home/runner/work/Zzz/Zzz/openwrt/build_dir/target-mipsel_24kc_musl/accel-ppp-1.11.2 
ninja: Entering directory `/home/runner/work/Zzz/Zzz/openwrt/build_dir/target-mipsel_24kc_musl/accel-ppp-1.11.2'
[1/119] Building C object accel-pppd/CMakeFiles/accel-pppd.dir/memdebug.c.o
[2/119] Building C object accel-pppd/CMakeFiles/accel-pppd.dir/session.c.o
[3/119] Building C object accel-pppd/CMakeFiles/accel-pppd.dir/session_backup.c.o
[4/119] Building C object accel-pppd/CMakeFiles/accel-pppd.dir/ifcfg.c.o
[5/119] Building C object accel-pppd/CMakeFiles/accel-pppd.dir/net.c.o
[6/119] Building C object accel-pppd/CMakeFiles/accel-pppd.dir/backup/backup.c.o
[7/119] Building C object accel-pppd/CMakeFiles/accel-pppd.dir/ppp/ppp.c.o
[8/119] Building C object accel-pppd/CMakeFiles/accel-pppd.dir/ppp/ppp_fsm.c.o
[9/119] Building C object accel-pppd/CMakeFiles/accel-pppd.dir/ppp/ppp_lcp.c.o
/home/runner/work/Zzz/Zzz/openwrt/build_dir/target-mipsel_24kc_musl/accel-ppp-1.11.2/accel-pppd/ppp/ppp_lcp.c: In function 'lcp_recv':
/home/runner/work/Zzz/Zzz/openwrt/build_dir/target-mipsel_24kc_musl/accel-ppp-1.11.2/accel-pppd/ppp/ppp_lcp.c:820:25: warning: this 'else' clause does not guard... [-Wmisleading-indentation]
  820 |                         else
      |                         ^~~~
/home/runner/work/Zzz/Zzz/openwrt/build_dir/target-mipsel_24kc_musl/accel-ppp-1.11.2/accel-pppd/ppp/ppp_lcp.c:823:33: note: ...this statement, but the latter is misleadingly indented as if it were guarded by the 'else'
  823 |                                 ppp_fsm_recv_conf_ack(&lcp->fsm);
      |                                 ^~~~~~~~~~~~~~~~~~~~~
/home/runner/work/Zzz/Zzz/openwrt/build_dir/target-mipsel_24kc_musl/accel-ppp-1.11.2/accel-pppd/ppp/ppp_lcp.c:834:25: warning: this 'else' clause does not guard... [-Wmisleading-indentation]
  834 |                         else
      |                         ^~~~
/home/runner/work/Zzz/Zzz/openwrt/build_dir/target-mipsel_24kc_musl/accel-ppp-1.11.2/accel-pppd/ppp/ppp_lcp.c:837:33: note: ...this statement, but the latter is misleadingly indented as if it were guarded by the 'else'
  837 |                                 ppp_fsm_recv_conf_rej(&lcp->fsm);
      |                                 ^~~~~~~~~~~~~~~~~~~~~
[10/119] Building C object accel-pppd/CMakeFiles/accel-pppd.dir/ppp/lcp_opt_mru.c.o
[11/119] Building C object accel-pppd/CMakeFiles/accel-pppd.dir/ppp/lcp_opt_magic.c.o
[12/119] Building C object accel-pppd/CMakeFiles/accel-pppd.dir/ppp/lcp_opt_pcomp.c.o
[13/119] Building C object accel-pppd/CMakeFiles/accel-pppd.dir/ppp/lcp_opt_accomp.c.o
[14/119] Building C object accel-pppd/CMakeFiles/accel-pppd.dir/ppp/ppp_auth.c.o
[15/119] Building C object accel-pppd/CMakeFiles/accel-pppd.dir/ppp/ppp_ipcp.c.o
[16/119] Building C object accel-pppd/CMakeFiles/accel-pppd.dir/ppp/ipcp_opt_ipaddr.c.o
[17/119] Building C object accel-pppd/CMakeFiles/accel-pppd.dir/ppp/ipcp_opt_dns.c.o
[18/119] Building C object accel-pppd/CMakeFiles/accel-pppd.dir/ppp/ipcp_opt_wins.c.o
[19/119] Building C object accel-pppd/CMakeFiles/accel-pppd.dir/ppp/ipv6cp_opt_intfid.c.o
[20/119] Building C object accel-pppd/CMakeFiles/accel-pppd.dir/ppp/ppp_ipv6cp.c.o
[21/119] Building C object accel-pppd/CMakeFiles/accel-pppd.dir/ppp/ppp_ccp.c.o
[22/119] Building C object accel-pppd/CMakeFiles/accel-pppd.dir/ppp/ccp_mppe.c.o
[23/119] Building C object accel-pppd/CMakeFiles/accel-pppd.dir/cli/std_cmd.c.o
[24/119] Building C object accel-pppd/CMakeFiles/accel-pppd.dir/cli/show_sessions.c.o
/home/runner/work/Zzz/Zzz/openwrt/build_dir/target-mipsel_24kc_musl/accel-ppp-1.11.2/accel-pppd/cli/show_sessions.c: In function 'print_uptime':
/home/runner/work/Zzz/Zzz/openwrt/build_dir/target-mipsel_24kc_musl/accel-ppp-1.11.2/accel-pppd/cli/show_sessions.c:442:58: warning: 'snprintf' output may be truncated before the last format character [-Wformat-truncation=]
  442 |                 snprintf(time_str, 13, "%i.%02i:%02i:%02i", day, hour, min, sec);
      |                                                          ^
/home/runner/work/Zzz/Zzz/openwrt/build_dir/target-mipsel_24kc_musl/accel-ppp-1.11.2/accel-pppd/cli/show_sessions.c:442:17: note: 'snprintf' output between 11 and 24 bytes into a destination of size 13
  442 |                 snprintf(time_str, 13, "%i.%02i:%02i:%02i", day, hour, min, sec);
      |                 ^~~~~~~~~~~~~~~~~~~~~~~~~~~~~~~~~~~~~~~~~~~~~~~~~~~~~~~~~~~~~~~~
[25/119] Building C object accel-pppd/CMakeFiles/accel-pppd.dir/cli/telnet.c.o
[26/119] Building C object accel-pppd/CMakeFiles/accel-pppd.dir/cli/tcp.c.o
[27/119] Building C object accel-pppd/CMakeFiles/accel-pppd.dir/cli/cli.c.o
[28/119] Building C object accel-pppd/CMakeFiles/accel-pppd.dir/libnetlink/libnetlink.c.o
[29/119] Building C object accel-pppd/CMakeFiles/accel-pppd.dir/libnetlink/iputils.c.o
[30/119] Building C object accel-pppd/CMakeFiles/accel-pppd.dir/libnetlink/genl.c.o
[31/119] Building C object accel-pppd/CMakeFiles/accel-pppd.dir/libnetlink/ipset.c.o
[32/119] Building C object accel-pppd/CMakeFiles/accel-pppd.dir/pwdb.c.o
[33/119] Building C object accel-pppd/CMakeFiles/accel-pppd.dir/ipdb.c.o
[34/119] Building C object accel-pppd/CMakeFiles/accel-pppd.dir/iprange.c.o
In function 'parse_iprange',
    inlined from 'load_ranges' at /home/runner/work/Zzz/Zzz/openwrt/build_dir/target-mipsel_24kc_musl/accel-ppp-1.11.2/accel-pppd/iprange.c:181:7,
    inlined from 'iprange_load_config' at /home/runner/work/Zzz/Zzz/openwrt/build_dir/target-mipsel_24kc_musl/accel-ppp-1.11.2/accel-pppd/iprange.c:262:12:
/home/runner/work/Zzz/Zzz/openwrt/build_dir/target-mipsel_24kc_musl/accel-ppp-1.11.2/accel-pppd/iprange.c:71:9: warning: 'strncpy' specified bound 23 equals destination size [-Wstringop-truncation]
   71 |         strncpy(ipstr, str, CIDR_MAXLEN + 1);
      |         ^~~~~~~~~~~~~~~~~~~~~~~~~~~~~~~~~~~~
[35/119] Building C object accel-pppd/CMakeFiles/accel-pppd.dir/utils.c.o
[36/119] Building C object accel-pppd/CMakeFiles/accel-pppd.dir/rbtree.c.o
[37/119] Building C object accel-pppd/CMakeFiles/accel-pppd.dir/log.c.o
/home/runner/work/Zzz/Zzz/openwrt/build_dir/target-mipsel_24kc_musl/accel-ppp-1.11.2/accel-pppd/log.c: In function 'do_log':
/home/runner/work/Zzz/Zzz/openwrt/build_dir/target-mipsel_24kc_musl/accel-ppp-1.11.2/accel-pppd/log.c:81:17: warning: '<unknown>' may be used uninitialized [-Wmaybe-uninitialized]
   81 |                 pthread_setspecific(stat_buf_key, stat_buf);
      |                 ^~~~~~~~~~~~~~~~~~~~~~~~~~~~~~~~~~~~~~~~~~~
In file included from /home/runner/work/Zzz/Zzz/openwrt/build_dir/target-mipsel_24kc_musl/accel-ppp-1.11.2/accel-pppd/include/ppp.h:6,
                 from /home/runner/work/Zzz/Zzz/openwrt/build_dir/target-mipsel_24kc_musl/accel-ppp-1.11.2/accel-pppd/log.c:13:
/home/runner/work/Zzz/Zzz/openwrt/staging_dir/toolchain-mipsel_24kc_gcc-11.2.0_musl/include/pthread.h:147:5: note: by argument 2 of type 'const void *' to 'pthread_setspecific' declared here
  147 | int pthread_setspecific(pthread_key_t, const void *);
      |     ^~~~~~~~~~~~~~~~~~~
[38/119] Building C object accel-pppd/CMakeFiles/accel-pppd.dir/main.c.o
/home/runner/work/Zzz/Zzz/openwrt/build_dir/target-mipsel_24kc_musl/accel-ppp-1.11.2/accel-pppd/main.c: In function '__core_restart':
/home/runner/work/Zzz/Zzz/openwrt/build_dir/target-mipsel_24kc_musl/accel-ppp-1.11.2/accel-pppd/main.c:152:23: warning: passing argument 2 to 'restrict'-qualified parameter aliases with argument 1 [-Wrestrict]
  152 |         readlink(exe, exe, PATH_MAX);
      |                  ~~~  ^~~
/home/runner/work/Zzz/Zzz/openwrt/build_dir/target-mipsel_24kc_musl/accel-ppp-1.11.2/accel-pppd/main.c: In function 'sigsegv':
/home/runner/work/Zzz/Zzz/openwrt/build_dir/target-mipsel_24kc_musl/accel-ppp-1.11.2/accel-pppd/main.c:208:37: warning: passing argument 2 to 'restrict'-qualified parameter aliases with argument 1 [-Wrestrict]
  208 |                 readlink(exec_file, exec_file, PATH_MAX);
      |                          ~~~~~~~~~  ^~~~~~~~~
At top level:
/home/runner/work/Zzz/Zzz/openwrt/build_dir/target-mipsel_24kc_musl/accel-ppp-1.11.2/accel-pppd/main.c:55:13: warning: 'ssl_lock' defined but not used [-Wunused-function]
   55 | static void ssl_lock(int mode, int type, const char *file, int line)
      |             ^~~~~~~~
/home/runner/work/Zzz/Zzz/openwrt/build_dir/target-mipsel_24kc_musl/accel-ppp-1.11.2/accel-pppd/main.c:50:22: warning: 'ssl_thread_id' defined but not used [-Wunused-function]
   50 | static unsigned long ssl_thread_id(void)
      |                      ^~~~~~~~~~~~~
[39/119] Building C object accel-pppd/radius/CMakeFiles/radius.dir/stat_accm.c.o
[40/119] Building C object accel-pppd/radius/CMakeFiles/radius.dir/dict.c.o
[41/119] Building C object accel-pppd/radius/CMakeFiles/radius.dir/req.c.o
[42/119] Building C object accel-pppd/radius/CMakeFiles/radius.dir/packet.c.o
[43/119] Building C object accel-pppd/radius/CMakeFiles/radius.dir/auth.c.o
[44/119] Building C object accel-pppd/radius/CMakeFiles/radius.dir/acct.c.o
[45/119] Building C object accel-pppd/radius/CMakeFiles/radius.dir/serv.c.o
[46/119] Building C object accel-pppd/radius/CMakeFiles/radius.dir/dm_coa.c.o
[47/119] Building C object accel-pppd/radius/CMakeFiles/radius.dir/radius.c.o
[48/119] Linking C shared library accel-pppd/radius/libradius.so
[49/119] Building C object accel-pppd/triton/CMakeFiles/triton.dir/md.c.o
[50/119] Building C object accel-pppd/triton/CMakeFiles/triton.dir/timer.c.o
[51/119] Building C object accel-pppd/triton/CMakeFiles/triton.dir/triton.c.o
[52/119] Building C object accel-pppd/triton/CMakeFiles/triton.dir/conf_file.c.o
[53/119] Building C object accel-pppd/triton/CMakeFiles/triton.dir/loader.c.o
[54/119] Building C object accel-pppd/triton/CMakeFiles/triton.dir/log.c.o
[55/119] Building C object accel-pppd/triton/CMakeFiles/triton.dir/mempool.c.o
[56/119] Building C object accel-pppd/triton/CMakeFiles/triton.dir/event.c.o
[57/119] Linking C shared library accel-pppd/triton/libtriton.so
[58/119] Linking C executable accel-pppd/accel-pppd
FAILED: accel-pppd/accel-pppd 
: && /home/runner/work/Zzz/Zzz/openwrt/staging_dir/toolchain-mipsel_24kc_gcc-11.2.0_musl/bin/mipsel-openwrt-linux-musl-gcc -Os -pipe -mno-branch-likely -mips32r2 -mtune=24kc -fno-caller-saves -fno-plt -fhonour-copts -Wno-error=unused-but-set-variable -Wno-error=unused-result -msoft-float -mips16 -minterlink-mips16 -ffile-prefix-map=/home/runner/work/Zzz/Zzz/openwrt/build_dir/target-mipsel_24kc_musl/accel-ppp-1.11.2=accel-ppp-1.11.2 -Wformat -Werror=format-security -fstack-protector -D_FORTIFY_SOURCE=1 -Wl,-z,now -Wl,-z,relro -I/home/runner/work/Zzz/Zzz/openwrt/staging_dir/target-mipsel_24kc_musl/opt/include -D_GNU_SOURCE -g -O2 -Wno-incompatible-pointer-types -Wall -fno-strict-aliasing -D_GNU_SOURCE -fPIC -rdynamic -fvisibility=hidden -DNDEBUG -L/home/runner/work/Zzz/Zzz/openwrt/staging_dir/toolchain-mipsel_24kc_gcc-11.2.0_musl/usr/lib -L/home/runner/work/Zzz/Zzz/openwrt/staging_dir/toolchain-mipsel_24kc_gcc-11.2.0_musl/lib -znow -zrelro -lpthread -latomic   -rdynamic accel-pppd/CMakeFiles/accel-pppd.dir/memdebug.c.o accel-pppd/CMakeFiles/accel-pppd.dir/session.c.o accel-pppd/CMakeFiles/accel-pppd.dir/session_backup.c.o accel-pppd/CMakeFiles/accel-pppd.dir/ifcfg.c.o accel-pppd/CMakeFiles/accel-pppd.dir/net.c.o accel-pppd/CMakeFiles/accel-pppd.dir/backup/backup.c.o accel-pppd/CMakeFiles/accel-pppd.dir/ppp/ppp.c.o accel-pppd/CMakeFiles/accel-pppd.dir/ppp/ppp_fsm.c.o accel-pppd/CMakeFiles/accel-pppd.dir/ppp/ppp_lcp.c.o accel-pppd/CMakeFiles/accel-pppd.dir/ppp/lcp_opt_mru.c.o accel-pppd/CMakeFiles/accel-pppd.dir/ppp/lcp_opt_magic.c.o accel-pppd/CMakeFiles/accel-pppd.dir/ppp/lcp_opt_pcomp.c.o accel-pppd/CMakeFiles/accel-pppd.dir/ppp/lcp_opt_accomp.c.o accel-pppd/CMakeFiles/accel-pppd.dir/ppp/ppp_auth.c.o accel-pppd/CMakeFiles/accel-pppd.dir/ppp/ppp_ipcp.c.o accel-pppd/CMakeFiles/accel-pppd.dir/ppp/ipcp_opt_ipaddr.c.o accel-pppd/CMakeFiles/accel-pppd.dir/ppp/ipcp_opt_dns.c.o accel-pppd/CMakeFiles/accel-pppd.dir/ppp/ipcp_opt_wins.c.o accel-pppd/CMakeFiles/accel-pppd.dir/ppp/ipv6cp_opt_intfid.c.o accel-pppd/CMakeFiles/accel-pppd.dir/ppp/ppp_ipv6cp.c.o accel-pppd/CMakeFiles/accel-pppd.dir/ppp/ppp_ccp.c.o accel-pppd/CMakeFiles/accel-pppd.dir/ppp/ccp_mppe.c.o accel-pppd/CMakeFiles/accel-pppd.dir/cli/std_cmd.c.o accel-pppd/CMakeFiles/accel-pppd.dir/cli/show_sessions.c.o accel-pppd/CMakeFiles/accel-pppd.dir/cli/telnet.c.o accel-pppd/CMakeFiles/accel-pppd.dir/cli/tcp.c.o accel-pppd/CMakeFiles/accel-pppd.dir/cli/cli.c.o accel-pppd/CMakeFiles/accel-pppd.dir/libnetlink/libnetlink.c.o accel-pppd/CMakeFiles/accel-pppd.dir/libnetlink/iputils.c.o accel-pppd/CMakeFiles/accel-pppd.dir/libnetlink/genl.c.o accel-pppd/CMakeFiles/accel-pppd.dir/libnetlink/ipset.c.o accel-pppd/CMakeFiles/accel-pppd.dir/pwdb.c.o accel-pppd/CMakeFiles/accel-pppd.dir/ipdb.c.o accel-pppd/CMakeFiles/accel-pppd.dir/iprange.c.o accel-pppd/CMakeFiles/accel-pppd.dir/utils.c.o accel-pppd/CMakeFiles/accel-pppd.dir/rbtree.c.o accel-pppd/CMakeFiles/accel-pppd.dir/log.c.o accel-pppd/CMakeFiles/accel-pppd.dir/main.c.o -o accel-pppd/accel-pppd -L/home/runner/work/Zzz/Zzz/openwrt/build_dir/target-mipsel_24kc_musl/accel-ppp-1.11.2/accel-pppd/triton accel-pppd/triton/libtriton.so  -lrt  -lpthread  -lcrypto  -lssl  -lpcre  -ldl && :
/home/runner/work/Zzz/Zzz/openwrt/staging_dir/toolchain-mipsel_24kc_gcc-11.2.0_musl/bin/../lib/gcc/mipsel-openwrt-linux-musl/11.2.0/../../../../mipsel-openwrt-linux-musl/bin/ld: accel-pppd/CMakeFiles/accel-pppd.dir/session.c.o: in function `generate_sessionid':
accel-ppp-1.11.2/accel-ppp-1.11.2/accel-pppd/session.c:333: undefined reference to `__sync_add_and_fetch_8'
collect2: error: ld returned 1 exit status
ninja: build stopped: subcommand failed.
make[2]: *** [Makefile:99: /home/runner/work/Zzz/Zzz/openwrt/build_dir/target-mipsel_24kc_musl/accel-ppp-1.11.2/.built] Error 1
make[2]: Leaving directory '/home/runner/work/Zzz/Zzz/openwrt/feeds/kiddin9/accel-ppp'
time: package/feeds/kiddin9/accel-ppp/compile#13.19#1.58#14.48
    ERROR: package/feeds/kiddin9/accel-ppp failed to build.
make[1]: *** [package/Makefile:116: package/feeds/kiddin9/accel-ppp/compile] Error 1
make[1]: Leaving directory '/home/runner/work/Zzz/Zzz/openwrt'
make: *** [/home/runner/work/Zzz/Zzz/openwrt/include/toplevel.mk:222: package/accel-ppp/compile] Error 2
