make[2]: Entering directory '/home/runner/work/Zzz/Zzz/openwrt/scripts/config'
make[2]: 'conf' is up to date.
make[2]: Leaving directory '/home/runner/work/Zzz/Zzz/openwrt/scripts/config'
make[1]: Entering directory '/home/runner/work/Zzz/Zzz/openwrt'
make[2]: Entering directory '/home/runner/work/Zzz/Zzz/openwrt/feeds/base/package/utils/lua'
make[2]: Leaving directory '/home/runner/work/Zzz/Zzz/openwrt/feeds/base/package/utils/lua'
time: package/feeds/base/lua/host-compile#0.19#0.06#0.22
make[2]: Entering directory '/home/runner/work/Zzz/Zzz/openwrt/feeds/luci/modules/luci-base'
touch /home/runner/work/Zzz/Zzz/openwrt/build_dir/hostpkg/luci-base/.prepared5c5e28a49e0f692ea7af45e3c3c5f568_6664517399ebbbc92a37c5bb081b5c53
touch /home/runner/work/Zzz/Zzz/openwrt/build_dir/hostpkg/luci-base/.configured
make -C src/ clean po2lmo jsmin
make[3]: Entering directory '/home/runner/work/Zzz/Zzz/openwrt/feeds/luci/modules/luci-base/src'
rm -f contrib/lemon po2lmo parser.so version.lua plural_formula.c plural_formula.h *.o
cc    -DNDEBUG -c -o po2lmo.o po2lmo.c
cc -o contrib/lemon contrib/lemon.c
./contrib/lemon -q plural_formula.y
cc    -DNDEBUG -c -o template_lmo.o template_lmo.c
cc    -DNDEBUG -c -o plural_formula.o plural_formula.c
cc  -o po2lmo po2lmo.o template_lmo.o plural_formula.o
cc    -DNDEBUG -c -o jsmin.o jsmin.c
cc  -o jsmin jsmin.o
make[3]: Leaving directory '/home/runner/work/Zzz/Zzz/openwrt/feeds/luci/modules/luci-base/src'
touch /home/runner/work/Zzz/Zzz/openwrt/build_dir/hostpkg/luci-base/.built
install -d -m0755 /home/runner/work/Zzz/Zzz/openwrt/staging_dir/hostpkg/bin
install -m0755 src/po2lmo /home/runner/work/Zzz/Zzz/openwrt/staging_dir/hostpkg/bin/po2lmo
install -m0755 src/jsmin /home/runner/work/Zzz/Zzz/openwrt/staging_dir/hostpkg/bin/jsmin
mkdir -p /home/runner/work/Zzz/Zzz/openwrt/staging_dir/hostpkg/stamp
touch /home/runner/work/Zzz/Zzz/openwrt/build_dir/hostpkg/luci-base/.built
touch /home/runner/work/Zzz/Zzz/openwrt/staging_dir/hostpkg/stamp/.luci-base_installed
make[2]: Leaving directory '/home/runner/work/Zzz/Zzz/openwrt/feeds/luci/modules/luci-base'
time: package/feeds/luci/luci-base/host-compile#0.67#0.18#0.82
make[2]: Entering directory '/home/runner/work/Zzz/Zzz/openwrt/package/toolchain'
Makefile:735: WARNING: skipping libgomp -- package has no install section
echo "libc" >> /home/runner/work/Zzz/Zzz/openwrt/staging_dir/target-arm_cortex-a9_musl_eabi/pkginfo/toolchain.default.install
echo "libgcc" >> /home/runner/work/Zzz/Zzz/openwrt/staging_dir/target-arm_cortex-a9_musl_eabi/pkginfo/toolchain.default.install
echo "libpthread" >> /home/runner/work/Zzz/Zzz/openwrt/staging_dir/target-arm_cortex-a9_musl_eabi/pkginfo/toolchain.default.install
make[2]: Leaving directory '/home/runner/work/Zzz/Zzz/openwrt/package/toolchain'
time: package/toolchain/compile#0.27#0.06#0.32
make[2]: Entering directory '/home/runner/work/Zzz/Zzz/openwrt/feeds/base/package/system/ca-certificates'
echo "ca-bundle" >> /home/runner/work/Zzz/Zzz/openwrt/staging_dir/target-arm_cortex-a9_musl_eabi/pkginfo/ca-certificates.default.install
make[2]: Leaving directory '/home/runner/work/Zzz/Zzz/openwrt/feeds/base/package/system/ca-certificates'
time: package/feeds/base/ca-certificates/compile#0.16#0.05#0.19
make[2]: Entering directory '/home/runner/work/Zzz/Zzz/openwrt/feeds/kiddin9/adguardhome'
Makefile:37: /home/runner/work/Zzz/Zzz/openwrt/feeds/packages/lang/golang/golang-package.mk: No such file or directory
make[2]: *** No rule to make target '/home/runner/work/Zzz/Zzz/openwrt/feeds/packages/lang/golang/golang-package.mk'.  Stop.
make[2]: Leaving directory '/home/runner/work/Zzz/Zzz/openwrt/feeds/kiddin9/adguardhome'
time: package/feeds/kiddin9/adguardhome/compile#0.14#0.03#0.15
    ERROR: package/feeds/kiddin9/adguardhome failed to build.
make[1]: *** [package/Makefile:116: package/feeds/kiddin9/adguardhome/compile] Error 1
make[1]: Leaving directory '/home/runner/work/Zzz/Zzz/openwrt'
make: *** [/home/runner/work/Zzz/Zzz/openwrt/include/toplevel.mk:222: package/luci-app-adguardhome/compile] Error 2
