make[2]: Entering directory '/home/runner/work/Zzz/Zzz/openwrt/scripts/config'
make[2]: 'conf' is up to date.
make[2]: Leaving directory '/home/runner/work/Zzz/Zzz/openwrt/scripts/config'
make[1]: Entering directory '/home/runner/work/Zzz/Zzz/openwrt'
make[2]: Entering directory '/home/runner/work/Zzz/Zzz/openwrt/feeds/base/package/utils/lua'
make[2]: Leaving directory '/home/runner/work/Zzz/Zzz/openwrt/feeds/base/package/utils/lua'
time: package/feeds/base/lua/host-compile#0.19#0.05#0.21
make[2]: Entering directory '/home/runner/work/Zzz/Zzz/openwrt/package/toolchain'
Makefile:735: WARNING: skipping libgomp -- package has no install section
echo "libc" >> /home/runner/work/Zzz/Zzz/openwrt/staging_dir/target-aarch64_cortex-a53_musl/pkginfo/toolchain.default.install
echo "libgcc" >> /home/runner/work/Zzz/Zzz/openwrt/staging_dir/target-aarch64_cortex-a53_musl/pkginfo/toolchain.default.install
echo "libpthread" >> /home/runner/work/Zzz/Zzz/openwrt/staging_dir/target-aarch64_cortex-a53_musl/pkginfo/toolchain.default.install
make[2]: Leaving directory '/home/runner/work/Zzz/Zzz/openwrt/package/toolchain'
time: package/toolchain/compile#0.26#0.05#0.30
make[2]: Entering directory '/home/runner/work/Zzz/Zzz/openwrt/feeds/kiddin9/filebrowser'
Makefile:30: /home/runner/work/Zzz/Zzz/openwrt/feeds/packages/lang/golang/golang-package.mk: No such file or directory
make[2]: *** No rule to make target '/home/runner/work/Zzz/Zzz/openwrt/feeds/packages/lang/golang/golang-package.mk'.  Stop.
make[2]: Leaving directory '/home/runner/work/Zzz/Zzz/openwrt/feeds/kiddin9/filebrowser'
time: package/feeds/kiddin9/filebrowser/compile#0.16#0.02#0.16
    ERROR: package/feeds/kiddin9/filebrowser failed to build.
make[1]: *** [package/Makefile:116: package/feeds/kiddin9/filebrowser/compile] Error 1
make[1]: Leaving directory '/home/runner/work/Zzz/Zzz/openwrt'
make: *** [/home/runner/work/Zzz/Zzz/openwrt/include/toplevel.mk:222: package/luci-app-filebrowser/compile] Error 2
