
make[2]: Entering directory '/home/runner/work/Zzz/Zzz/openwrt/scripts/config'
make[2]: 'conf' is up to date.
make[2]: Leaving directory '/home/runner/work/Zzz/Zzz/openwrt/scripts/config'
make[1]: Entering directory '/home/runner/work/Zzz/Zzz/openwrt'
make[2]: Entering directory '/home/runner/work/Zzz/Zzz/openwrt/feeds/packages/lang/golang/golang'
make[2]: Entering directory '/home/runner/work/Zzz/Zzz/openwrt/package/toolchain'
Makefile:735: WARNING: skipping libgomp -- package has no install section
echo "libc" >> /home/runner/work/Zzz/Zzz/openwrt/staging_dir/target-mips_24kc_musl/pkginfo/toolchain.default.install
echo "libgcc" >> /home/runner/work/Zzz/Zzz/openwrt/staging_dir/target-mips_24kc_musl/pkginfo/toolchain.default.install
echo "libpthread" >> /home/runner/work/Zzz/Zzz/openwrt/staging_dir/target-mips_24kc_musl/pkginfo/toolchain.default.install
make[2]: Leaving directory '/home/runner/work/Zzz/Zzz/openwrt/package/toolchain'
time: package/toolchain/compile#0.25#0.07#0.38
make[2]: Leaving directory '/home/runner/work/Zzz/Zzz/openwrt/feeds/packages/lang/golang/golang'
time: package/feeds/packages/golang/host-compile#0.55#0.26#0.74
make[2]: Entering directory '/home/runner/work/Zzz/Zzz/openwrt/feeds/kiddin9/alist'
mkdir -p /home/runner/work/Zzz/Zzz/openwrt/dl
SHELL= flock /home/runner/work/Zzz/Zzz/openwrt/tmp/.alist-web-3.16.2.tar.gz.flock -c '  	/home/runner/work/Zzz/Zzz/openwrt/scripts/download.pl "/home/runner/work/Zzz/Zzz/openwrt/dl" "alist-web-3.16.2.tar.gz" "a68370f42ce1208372406edb305f62ae2c207c3d5e885e6f128288a70702b589" "dist.tar.gz" "https://github.com/alist-org/alist-web/releases/download/3.16.2/"    '
+ curl -f --connect-timeout 20 --retry 5 --location https://github.com/alist-org/alist-web/releases/download/3.16.2/dist.tar.gz
  % Total    % Received % Xferd  Average Speed   Time    Time     Time  Current
                                 Dload  Upload   Total   Spent    Left  Speed
  0     0    0     0    0     0      0      0 --:--:-- --:--:-- --:--:--     0  0     0    0     0    0     0      0      0 --:--:-- --:--:-- --:--:--     0
100 1406k  100 1406k    0     0  2640k      0 --:--:-- --:--:-- --:--:-- 2640k
Hash of the downloaded file does not match (file: d733195cb6848756aff2d85393330b66b549472a77547d4003ca50199caf4db4, requested: a68370f42ce1208372406edb305f62ae2c207c3d5e885e6f128288a70702b589) - deleting download.
+ curl -f --connect-timeout 20 --retry 5 --location https://github.com/alist-org/alist-web/releases/download/3.16.2/alist-web-3.16.2.tar.gz
  % Total    % Received % Xferd  Average Speed   Time    Time     Time  Current
                                 Dload  Upload   Total   Spent    Left  Speed
  0     0    0     0    0     0      0      0 --:--:-- --:--:-- --:--:--     0  0     0    0     0    0     0      0      0 --:--:-- --:--:-- --:--:--     0  0     9    0     0    0     0      0      0 --:--:-- --:--:-- --:--:--     0
curl: (22) The requested URL returned error: 404
Download failed.
+ curl -f --connect-timeout 20 --retry 5 --location https://sources.cdn.openwrt.org/dist.tar.gz
  % Total    % Received % Xferd  Average Speed   Time    Time     Time  Current
                                 Dload  Upload   Total   Spent    Left  Speed
  0     0    0     0    0     0      0      0 --:--:-- --:--:-- --:--:--     0  0   169    0     0    0     0      0      0 --:--:-- --:--:-- --:--:--     0
curl: (22) The requested URL returned error: 404
Download failed.
+ curl -f --connect-timeout 20 --retry 5 --location https://sources.cdn.openwrt.org/alist-web-3.16.2.tar.gz
  % Total    % Received % Xferd  Average Speed   Time    Time     Time  Current
                                 Dload  Upload   Total   Spent    Left  Speed
  0     0    0     0    0     0      0      0 --:--:-- --:--:-- --:--:--     0  0   169    0     0    0     0      0      0 --:--:-- --:--:-- --:--:--     0
curl: (22) The requested URL returned error: 404
Download failed.
+ curl -f --connect-timeout 20 --retry 5 --location https://sources.openwrt.org/dist.tar.gz
  % Total    % Received % Xferd  Average Speed   Time    Time     Time  Current
                                 Dload  Upload   Total   Spent    Left  Speed
  0     0    0     0    0     0      0      0 --:--:-- --:--:-- --:--:--     0  0     0    0     0    0     0      0      0 --:--:-- --:--:-- --:--:--     0  0   169    0     0    0     0      0      0 --:--:-- --:--:-- --:--:--     0
curl: (22) The requested URL returned error: 404
Download failed.
+ curl -f --connect-timeout 20 --retry 5 --location https://sources.openwrt.org/alist-web-3.16.2.tar.gz
  % Total    % Received % Xferd  Average Speed   Time    Time     Time  Current
                                 Dload  Upload   Total   Spent    Left  Speed
  0     0    0     0    0     0      0      0 --:--:-- --:--:-- --:--:--     0  0   169    0     0    0     0      0      0 --:--:-- --:--:-- --:--:--     0
curl: (22) The requested URL returned error: 404
Download failed.
+ curl -f --connect-timeout 20 --retry 5 --location https://mirror2.openwrt.org/sources/dist.tar.gz
  % Total    % Received % Xferd  Average Speed   Time    Time     Time  Current
                                 Dload  Upload   Total   Spent    Left  Speed
  0     0    0     0    0     0      0      0 --:--:-- --:--:-- --:--:--     0  0     0    0     0    0     0      0      0 --:--:-- --:--:-- --:--:--     0  0   153    0     0    0     0      0      0 --:--:-- --:--:-- --:--:--     0
curl: (22) The requested URL returned error: 404
Download failed.
+ curl -f --connect-timeout 20 --retry 5 --location https://mirror2.openwrt.org/sources/alist-web-3.16.2.tar.gz
  % Total    % Received % Xferd  Average Speed   Time    Time     Time  Current
                                 Dload  Upload   Total   Spent    Left  Speed
  0     0    0     0    0     0      0      0 --:--:-- --:--:-- --:--:--     0  0   153    0     0    0     0      0      0 --:--:-- --:--:-- --:--:--     0
curl: (22) The requested URL returned error: 404
Download failed.
No more mirrors to try - giving up.
make[2]: *** [Makefile:70: /home/runner/work/Zzz/Zzz/openwrt/dl/alist-web-3.16.2.tar.gz] Error 2
make[2]: Leaving directory '/home/runner/work/Zzz/Zzz/openwrt/feeds/kiddin9/alist'
time: package/feeds/kiddin9/alist/compile#0.79#0.14#3.67
    ERROR: package/feeds/kiddin9/alist failed to build.
make[1]: *** [package/Makefile:116: package/feeds/kiddin9/alist/compile] Error 1
make[1]: Leaving directory '/home/runner/work/Zzz/Zzz/openwrt'
make: *** [/home/runner/work/Zzz/Zzz/openwrt/include/toplevel.mk:222: package/alist/compile] Error 2
