
make[2]: Entering directory '/home/runner/work/Zzz/Zzz/openwrt/scripts/config'
make[2]: 'conf' is up to date.
make[2]: Leaving directory '/home/runner/work/Zzz/Zzz/openwrt/scripts/config'
make[1]: Entering directory '/home/runner/work/Zzz/Zzz/openwrt'
make[2]: Entering directory '/home/runner/work/Zzz/Zzz/openwrt/package/toolchain'
make[2]: Entering directory '/home/runner/work/Zzz/Zzz/openwrt/feeds/packages/lang/golang/golang'
Makefile:735: WARNING: skipping libgomp -- package has no install section
echo "libc" >> /home/runner/work/Zzz/Zzz/openwrt/staging_dir/target-mips_24kc_musl/pkginfo/toolchain.default.install
echo "libgcc" >> /home/runner/work/Zzz/Zzz/openwrt/staging_dir/target-mips_24kc_musl/pkginfo/toolchain.default.install
echo "libpthread" >> /home/runner/work/Zzz/Zzz/openwrt/staging_dir/target-mips_24kc_musl/pkginfo/toolchain.default.install
make[2]: Leaving directory '/home/runner/work/Zzz/Zzz/openwrt/package/toolchain'
time: package/toolchain/compile#0.26#0.16#0.36
make[2]: Entering directory '/home/runner/work/Zzz/Zzz/openwrt/feeds/base/package/system/ca-certificates'
echo "ca-bundle" >> /home/runner/work/Zzz/Zzz/openwrt/staging_dir/target-mips_24kc_musl/pkginfo/ca-certificates.default.install
make[2]: Leaving directory '/home/runner/work/Zzz/Zzz/openwrt/feeds/base/package/system/ca-certificates'
time: package/feeds/base/ca-certificates/compile#0.20#0.12#0.26
make[2]: Leaving directory '/home/runner/work/Zzz/Zzz/openwrt/feeds/packages/lang/golang/golang'
time: package/feeds/packages/golang/host-compile#0.64#0.40#0.77
make[2]: Entering directory '/home/runner/work/Zzz/Zzz/openwrt/feeds/kiddin9/sagernet-core'
mkdir -p /home/runner/work/Zzz/Zzz/openwrt/dl
SHELL= flock /home/runner/work/Zzz/Zzz/openwrt/tmp/.LibSagerNetCore-2022-06-10-9ef7ab1d.tar.xz.flock -c '  	/home/runner/work/Zzz/Zzz/openwrt/scripts/download.pl "/home/runner/work/Zzz/Zzz/openwrt/dl" "LibSagerNetCore-2022-06-10-9ef7ab1d.tar.xz" "9420189c45d5fbe682acee1da0b8f727cc5ea8c847ceeff5b026cd71ce60cf0f" "" || (  /home/runner/work/Zzz/Zzz/openwrt/scripts/dl_github_archive.py --dl-dir="/home/runner/work/Zzz/Zzz/openwrt/dl" --url="https://github.com/SagerNet/LibSagerNetCore.git" --version="9ef7ab1de7604ab959222d4de8ab6152a402e432" --subdir="LibSagerNetCore" --source="LibSagerNetCore-2022-06-10-9ef7ab1d.tar.xz" --hash="9420189c45d5fbe682acee1da0b8f727cc5ea8c847ceeff5b026cd71ce60cf0f" || ( 	echo "Checking out files from the git repository..."; mkdir -p /home/runner/work/Zzz/Zzz/openwrt/tmp/dl && cd /home/runner/work/Zzz/Zzz/openwrt/tmp/dl && rm -rf LibSagerNetCore && [ \! -d LibSagerNetCore ] && git clone  https://github.com/SagerNet/LibSagerNetCore.git LibSagerNetCore && (cd LibSagerNetCore && git checkout 9ef7ab1de7604ab959222d4de8ab6152a402e432 && git submodule update --init --recursive) && echo "Packing checkout..." && export TAR_TIMESTAMP=`cd LibSagerNetCore && git log -1 --format='\''@%ct'\''` && rm -rf LibSagerNetCore/.git && 	tar --numeric-owner --owner=0 --group=0 --mode=a-s --sort=name ${TAR_TIMESTAMP:+--mtime="$TAR_TIMESTAMP"} -c LibSagerNetCore | 	xz -zc -7e > /home/runner/work/Zzz/Zzz/openwrt/tmp/dl/LibSagerNetCore-2022-06-10-9ef7ab1d.tar.xz && mv /home/runner/work/Zzz/Zzz/openwrt/tmp/dl/LibSagerNetCore-2022-06-10-9ef7ab1d.tar.xz /home/runner/work/Zzz/Zzz/openwrt/dl/ && rm -rf LibSagerNetCore; );  )    '
+ curl -f --connect-timeout 20 --retry 5 --location https://sources.cdn.openwrt.org/LibSagerNetCore-2022-06-10-9ef7ab1d.tar.xz
  % Total    % Received % Xferd  Average Speed   Time    Time     Time  Current
                                 Dload  Upload   Total   Spent    Left  Speed
  0     0    0     0    0     0      0      0 --:--:-- --:--:-- --:--:--     0  0   169    0     0    0     0      0      0 --:--:-- --:--:-- --:--:--     0
curl: (22) The requested URL returned error: 404
Download failed.
+ curl -f --connect-timeout 20 --retry 5 --location https://sources.openwrt.org/LibSagerNetCore-2022-06-10-9ef7ab1d.tar.xz
  % Total    % Received % Xferd  Average Speed   Time    Time     Time  Current
                                 Dload  Upload   Total   Spent    Left  Speed
  0     0    0     0    0     0      0      0 --:--:-- --:--:-- --:--:--     0  0     0    0     0    0     0      0      0 --:--:-- --:--:-- --:--:--     0  0   169    0     0    0     0      0      0 --:--:-- --:--:-- --:--:--     0
curl: (22) The requested URL returned error: 404
Download failed.
+ curl -f --connect-timeout 20 --retry 5 --location https://mirror2.openwrt.org/sources/LibSagerNetCore-2022-06-10-9ef7ab1d.tar.xz
  % Total    % Received % Xferd  Average Speed   Time    Time     Time  Current
                                 Dload  Upload   Total   Spent    Left  Speed
  0     0    0     0    0     0      0      0 --:--:-- --:--:-- --:--:--     0  0     0    0     0    0     0      0      0 --:--:-- --:--:-- --:--:--     0  0   153    0     0    0     0      0      0 --:--:-- --:--:-- --:--:--     0
curl: (22) The requested URL returned error: 404
Download failed.
No more mirrors to try - giving up.
mkdir -p /home/runner/work/Zzz/Zzz/openwrt/dl
SHELL= flock /home/runner/work/Zzz/Zzz/openwrt/tmp/.sagernet-core-5.0.17-2022-07-30-26e36b1c.tar.xz.flock -c '  	/home/runner/work/Zzz/Zzz/openwrt/scripts/download.pl "/home/runner/work/Zzz/Zzz/openwrt/dl" "sagernet-core-5.0.17-2022-07-30-26e36b1c.tar.xz" "f8968ef7df8775f28c30f8115e2ce2e9324b1753526af6c89631edf1b1f56f8d" "" || (  /home/runner/work/Zzz/Zzz/openwrt/scripts/dl_github_archive.py --dl-dir="/home/runner/work/Zzz/Zzz/openwrt/dl" --url="https://github.com/SagerNet/v2ray-core.git" --version="26e36b1cb46f387cacd65c1a5900be592913f842" --subdir="sagernet-core-5.0.17-2022-07-30-26e36b1c" --source="sagernet-core-5.0.17-2022-07-30-26e36b1c.tar.xz" --hash="f8968ef7df8775f28c30f8115e2ce2e9324b1753526af6c89631edf1b1f56f8d" || ( 	echo "Checking out files from the git repository..."; mkdir -p /home/runner/work/Zzz/Zzz/openwrt/tmp/dl && cd /home/runner/work/Zzz/Zzz/openwrt/tmp/dl && rm -rf sagernet-core-5.0.17-2022-07-30-26e36b1c && [ \! -d sagernet-core-5.0.17-2022-07-30-26e36b1c ] && git clone  https://github.com/SagerNet/v2ray-core.git sagernet-core-5.0.17-2022-07-30-26e36b1c && (cd sagernet-core-5.0.17-2022-07-30-26e36b1c && git checkout 26e36b1cb46f387cacd65c1a5900be592913f842 && git submodule update --init --recursive) && echo "Packing checkout..." && export TAR_TIMESTAMP=`cd sagernet-core-5.0.17-2022-07-30-26e36b1c && git log -1 --format='\''@%ct'\''` && rm -rf sagernet-core-5.0.17-2022-07-30-26e36b1c/.git && 	tar --numeric-owner --owner=0 --group=0 --mode=a-s --sort=name ${TAR_TIMESTAMP:+--mtime="$TAR_TIMESTAMP"} -c sagernet-core-5.0.17-2022-07-30-26e36b1c | 	xz -zc -7e > /home/runner/work/Zzz/Zzz/openwrt/tmp/dl/sagernet-core-5.0.17-2022-07-30-26e36b1c.tar.xz && mv /home/runner/work/Zzz/Zzz/openwrt/tmp/dl/sagernet-core-5.0.17-2022-07-30-26e36b1c.tar.xz /home/runner/work/Zzz/Zzz/openwrt/dl/ && rm -rf sagernet-core-5.0.17-2022-07-30-26e36b1c; );  )    '
+ curl -f --connect-timeout 20 --retry 5 --location https://sources.cdn.openwrt.org/sagernet-core-5.0.17-2022-07-30-26e36b1c.tar.xz
  % Total    % Received % Xferd  Average Speed   Time    Time     Time  Current
                                 Dload  Upload   Total   Spent    Left  Speed
  0     0    0     0    0     0      0      0 --:--:-- --:--:-- --:--:--     0  0   169    0     0    0     0      0      0 --:--:-- --:--:-- --:--:--     0
curl: (22) The requested URL returned error: 404
Download failed.
+ curl -f --connect-timeout 20 --retry 5 --location https://sources.openwrt.org/sagernet-core-5.0.17-2022-07-30-26e36b1c.tar.xz
  % Total    % Received % Xferd  Average Speed   Time    Time     Time  Current
                                 Dload  Upload   Total   Spent    Left  Speed
  0     0    0     0    0     0      0      0 --:--:-- --:--:-- --:--:--     0  0     0    0     0    0     0      0      0 --:--:-- --:--:-- --:--:--     0  0   169    0     0    0     0      0      0 --:--:-- --:--:-- --:--:--     0
curl: (22) The requested URL returned error: 404
Download failed.
+ curl -f --connect-timeout 20 --retry 5 --location https://mirror2.openwrt.org/sources/sagernet-core-5.0.17-2022-07-30-26e36b1c.tar.xz
  % Total    % Received % Xferd  Average Speed   Time    Time     Time  Current
                                 Dload  Upload   Total   Spent    Left  Speed
  0     0    0     0    0     0      0      0 --:--:-- --:--:-- --:--:--     0  0   153    0     0    0     0      0      0 --:--:-- --:--:-- --:--:--     0
curl: (22) The requested URL returned error: 404
Download failed.
No more mirrors to try - giving up.
touch /home/runner/work/Zzz/Zzz/openwrt/build_dir/target-mips_24kc_musl/sagernet-core-5.0.17-2022-07-30-26e36b1c/.prepared_2ee2e05980e76297b89518141ebe5693_6664517399ebbbc92a37c5bb081b5c53_check
. /home/runner/work/Zzz/Zzz/openwrt/include/shell.sh; xzcat /home/runner/work/Zzz/Zzz/openwrt/dl/sagernet-core-5.0.17-2022-07-30-26e36b1c.tar.xz | tar -C /home/runner/work/Zzz/Zzz/openwrt/build_dir/target-mips_24kc_musl/sagernet-core-5.0.17-2022-07-30-26e36b1c/.. -xf -
[ ! -d ./src/ ] || cp -fpR ./src/. /home/runner/work/Zzz/Zzz/openwrt/build_dir/target-mips_24kc_musl/sagernet-core-5.0.17-2022-07-30-26e36b1c

Applying ./patches/100-obfs.patch using plaintext: 
(Stripping trailing CRs from patch; use --binary to disable.)
patching file go.mod
(Stripping trailing CRs from patch; use --binary to disable.)
patching file go.sum
xzcat /home/runner/work/Zzz/Zzz/openwrt/dl/LibSagerNetCore-2022-06-10-9ef7ab1d.tar.xz | tar -C /home/runner/work/Zzz/Zzz/openwrt/build_dir/target-mips_24kc_musl/sagernet-core-5.0.17-2022-07-30-26e36b1c -xf -
cp -fpR /home/runner/work/Zzz/Zzz/openwrt/build_dir/target-mips_24kc_musl/sagernet-core-5.0.17-2022-07-30-26e36b1c/LibSagerNetCore/{obfs,ssr}.go /home/runner/work/Zzz/Zzz/openwrt/build_dir/target-mips_24kc_musl/sagernet-core-5.0.17-2022-07-30-26e36b1c/proxy/shadowsocks/plugin/self/
/home/runner/work/Zzz/Zzz/openwrt/staging_dir/host/bin/sed -i -e '/plugin\/self/d' -e 's/self.ParsePluginOptions/ParsePluginOptions/g' /home/runner/work/Zzz/Zzz/openwrt/build_dir/target-mips_24kc_musl/sagernet-core-5.0.17-2022-07-30-26e36b1c/proxy/shadowsocks/plugin/self/obfs.go
/home/runner/work/Zzz/Zzz/openwrt/staging_dir/host/bin/sed -i -e 's/package libcore/package self/g' /home/runner/work/Zzz/Zzz/openwrt/build_dir/target-mips_24kc_musl/sagernet-core-5.0.17-2022-07-30-26e36b1c/proxy/shadowsocks/plugin/self/{obfs,ssr}.go
touch /home/runner/work/Zzz/Zzz/openwrt/build_dir/target-mips_24kc_musl/sagernet-core-5.0.17-2022-07-30-26e36b1c/.prepared_2ee2e05980e76297b89518141ebe5693_6664517399ebbbc92a37c5bb081b5c53
rm -f /home/runner/work/Zzz/Zzz/openwrt/build_dir/target-mips_24kc_musl/sagernet-core-5.0.17-2022-07-30-26e36b1c/.configured_*
rm -f /home/runner/work/Zzz/Zzz/openwrt/staging_dir/target-mips_24kc_musl/stamp/.sagernet-core_installed
CONFIG_GOLANG_MOD_CACHE_WORLD_READABLE="" GO_BUILD_CACHE_DIR="/home/runner/work/Zzz/Zzz/openwrt/tmp/go-build" GO_MOD_CACHE_DIR="/home/runner/work/Zzz/Zzz/openwrt/dl/go-mod-cache" GO_MOD_ARGS="-modcacherw" GO_PKG="github.com/v2fly/v2ray-core/v5" GO_INSTALL_EXTRA="" GO_INSTALL_ALL="" GO_SOURCE_ONLY="" GO_BUILD_PKG="github.com/v2fly/v2ray-core/v5/main" GO_EXCLUDES="" GO_GO_GENERATE="" GO_INSTALL_BIN_PATH="/usr/bin" BUILD_DIR="/home/runner/work/Zzz/Zzz/openwrt/build_dir/target-mips_24kc_musl/sagernet-core-5.0.17-2022-07-30-26e36b1c" GO_BUILD_DIR="/home/runner/work/Zzz/Zzz/openwrt/build_dir/target-mips_24kc_musl/sagernet-core-5.0.17-2022-07-30-26e36b1c/.go_work/build" GO_BUILD_BIN_DIR="/home/runner/work/Zzz/Zzz/openwrt/build_dir/target-mips_24kc_musl/sagernet-core-5.0.17-2022-07-30-26e36b1c/.go_work/build/bin/linux_mips" GO_BUILD_DEPENDS_PATH="/usr/share/gocode" GO_BUILD_DEPENDS_SRC="/home/runner/work/Zzz/Zzz/openwrt/staging_dir/target-mips_24kc_musl/usr/share/gocode/src" /usr/bin/env bash /home/runner/work/Zzz/Zzz/openwrt/feeds/packages/lang/golang//golang-build.sh configure
Copying files from /home/runner/work/Zzz/Zzz/openwrt/build_dir/target-mips_24kc_musl/sagernet-core-5.0.17-2022-07-30-26e36b1c into /home/runner/work/Zzz/Zzz/openwrt/build_dir/target-mips_24kc_musl/sagernet-core-5.0.17-2022-07-30-26e36b1c/.go_work/build/src/github.com/v2fly/v2ray-core/v5
LibSagerNetCore/api.go
LibSagerNetCore/assets.go
LibSagerNetCore/bind.go
LibSagerNetCore/certs.go
LibSagerNetCore/clash_log.go
LibSagerNetCore/comm/base.go
LibSagerNetCore/comm/ipv6.go
LibSagerNetCore/comm/tun.go
LibSagerNetCore/core.go
LibSagerNetCore/crypto.go
LibSagerNetCore/debug.go
LibSagerNetCore/debug_stub.go
LibSagerNetCore/dns.go
LibSagerNetCore/errorgen/main.go
LibSagerNetCore/errors.generated.go
LibSagerNetCore/go.mod
LibSagerNetCore/go.sum
LibSagerNetCore/gvisor/dispatchers.go
LibSagerNetCore/gvisor/endpoint.go
LibSagerNetCore/gvisor/errors.generated.go
LibSagerNetCore/gvisor/gvisor.go
LibSagerNetCore/gvisor/icmp.go
LibSagerNetCore/gvisor/tcp.go
LibSagerNetCore/gvisor/udp.go
LibSagerNetCore/http.go
LibSagerNetCore/io.go
LibSagerNetCore/linkname.s
LibSagerNetCore/log.go
LibSagerNetCore/nat/errors.generated.go
LibSagerNetCore/nat/icmp.go
LibSagerNetCore/nat/nat.go
LibSagerNetCore/nat/peer.go
LibSagerNetCore/nat/tcp.go
LibSagerNetCore/nat/udp.go
LibSagerNetCore/obfs.go
LibSagerNetCore/observatory.go
LibSagerNetCore/procfs.go
LibSagerNetCore/protect.go
LibSagerNetCore/route.go
LibSagerNetCore/ssr.go
LibSagerNetCore/stats.go
LibSagerNetCore/stun/errors.generated.go
LibSagerNetCore/stun/socks.go
LibSagerNetCore/stun/stun.go
LibSagerNetCore/tun.go
LibSagerNetCore/tun/tun.go
LibSagerNetCore/uid.go
LibSagerNetCore/url.go
LibSagerNetCore/urltest.go
LibSagerNetCore/v2ray.go
annotations.go
app/app.go
app/browserforwarder/config.pb.go
app/browserforwarder/config.proto
app/browserforwarder/errors.generated.go
app/browserforwarder/forwarder.go
app/commander/commander.go
app/commander/config.pb.go
app/commander/config.proto
app/commander/errors.generated.go
app/commander/outbound.go
app/commander/service.go
app/dispatcher/config.pb.go
app/dispatcher/config.proto
app/dispatcher/default.go
app/dispatcher/dispatcher.go
app/dispatcher/errors.generated.go
app/dispatcher/raw.go
app/dispatcher/sniffer.go
app/dispatcher/stats.go
app/dispatcher/stats_test.go
app/dispatcher/system.go
app/dns/config.pb.go
app/dns/config.proto
app/dns/dispatcher.go
app/dns/dns.go
app/dns/errors.generated.go
app/dns/hosts.go
app/dns/legacy.go
app/dns/transport_https.go
app/dns/transport_quic.go
app/dns/transport_tcp.go
app/dns/transport_tls.go
app/dns/transport_udp.go
app/instman/command/command.go
app/instman/command/command.pb.go
app/instman/command/command.proto
app/instman/command/command_grpc.pb.go
app/instman/config.pb.go
app/instman/config.proto
app/instman/errors.generated.go
app/instman/instman.go
app/log/command/command.go
app/log/command/command_test.go
app/log/command/config.pb.go
app/log/command/config.proto
app/log/command/config_grpc.pb.go
app/log/command/errors.generated.go
app/log/config.pb.go
app/log/config.proto
app/log/errors.generated.go
app/log/log.go
app/log/log_creator.go
app/log/log_test.go
app/observatory/burst/burst.go
app/observatory/burst/burstobserver.go
app/observatory/burst/config.pb.go
app/observatory/burst/config.proto
app/observatory/burst/errors.generated.go
app/observatory/burst/healthping.go
app/observatory/burst/healthping_result.go
app/observatory/burst/healthping_result_test.go
app/observatory/burst/ping.go
app/observatory/command/command.go
app/observatory/command/command.pb.go
app/observatory/command/command.proto
app/observatory/command/command_grpc.pb.go
app/observatory/command/errors.generated.go
app/observatory/config.pb.go
app/observatory/config.proto
app/observatory/errors.generated.go
app/observatory/explainErrors.go
app/observatory/multiobservatory/config.pb.go
app/observatory/multiobservatory/config.proto
app/observatory/multiobservatory/multi.go
app/observatory/observatory.go
app/observatory/observer.go
app/observatory/persist.go
app/policy/config.go
app/policy/config.pb.go
app/policy/config.proto
app/policy/errors.generated.go
app/policy/manager.go
app/policy/manager_test.go
app/policy/policy.go
app/proxyman/command/command.go
app/proxyman/command/command.pb.go
app/proxyman/command/command.proto
app/proxyman/command/command_grpc.pb.go
app/proxyman/command/doc.go
app/proxyman/command/errors.generated.go
app/proxyman/config.go
app/proxyman/config.pb.go
app/proxyman/config.proto
app/proxyman/inbound/always.go
app/proxyman/inbound/dynamic.go
app/proxyman/inbound/errors.generated.go
app/proxyman/inbound/inbound.go
app/proxyman/inbound/worker.go
app/proxyman/outbound/errors.generated.go
app/proxyman/outbound/handler.go
app/proxyman/outbound/handler_test.go
app/proxyman/outbound/outbound.go
app/restfulapi/config.go
app/restfulapi/config.pb.go
app/restfulapi/config.proto
app/restfulapi/errors.generated.go
app/restfulapi/restful_api.go
app/restfulapi/service.go
app/restfulapi/service_test.go
app/reverse/bridge.go
app/reverse/config.go
app/reverse/config.pb.go
app/reverse/config.proto
app/reverse/errors.generated.go
app/reverse/portal.go
app/reverse/portal_test.go
app/reverse/reverse.go
app/router/balancing.go
app/router/balancing_override.go
app/router/command/command.go
app/router/command/command.pb.go
app/router/command/command.proto
app/router/command/command_grpc.pb.go
app/router/command/command_test.go
app/router/command/config.go
app/router/command/errors.generated.go
app/router/condition.go
app/router/condition_geoip.go
app/router/condition_geoip_test.go
app/router/condition_test.go
app/router/config.go
app/router/config.pb.go
app/router/config.proto
app/router/errors.generated.go
app/router/router.go
app/router/router_test.go
app/router/routercommon/common.pb.go
app/router/routercommon/common.proto
app/router/strategy_leastload.go
app/router/strategy_leastload_test.go
app/router/strategy_leastping.go
app/router/strategy_random.go
app/router/weight.go
app/router/weight_test.go
app/stats/channel.go
app/stats/channel_test.go
app/stats/command/command.go
app/stats/command/command.pb.go
app/stats/command/command.proto
app/stats/command/command_grpc.pb.go
app/stats/command/command_test.go
app/stats/command/errors.generated.go
app/stats/config.pb.go
app/stats/config.proto
app/stats/counter.go
app/stats/counter_test.go
app/stats/errors.generated.go
app/stats/stats.go
app/stats/stats_test.go
common/antireplay/antireplay.go
common/antireplay/bloomring.go
common/antireplay/replayfilter.go
common/bitmask/byte.go
common/bitmask/byte_test.go
common/buf/buf.go
common/buf/buffer.go
common/buf/buffer_test.go
common/buf/connection.go
common/buf/copy.go
common/buf/copy_test.go
common/buf/erasure.go
common/buf/errors.generated.go
common/buf/io.go
common/buf/io_test.go
common/buf/multi_buffer.go
common/buf/multi_buffer_test.go
common/buf/reader.go
common/buf/reader_test.go
common/buf/readv_posix.go
common/buf/readv_reader.go
common/buf/readv_reader_wasm.go
common/buf/readv_test.go
common/buf/readv_unix.go
common/buf/readv_windows.go
common/buf/writer.go
common/buf/writer_test.go
common/bytesgrp/bytes.go
common/bytesgrp/bytes_test.go
common/bytespool/pool.go
common/cache/lru.go
common/cache/lru_test.go
common/cmdarg/arg.go
common/cmdarg/cmdarg.go
common/cmdarg/errors.generated.go
common/common.go
common/common_test.go
common/cond.go
common/crypto/aes.go
common/crypto/auth.go
common/crypto/auth_test.go
common/crypto/benchmark_test.go
common/crypto/chacha20.go
common/crypto/chacha20_test.go
common/crypto/chunk.go
common/crypto/chunk_test.go
common/crypto/crypto.go
common/crypto/errors.generated.go
common/crypto/internal/chacha.go
common/crypto/internal/chacha_core.generated.go
common/crypto/internal/chacha_core_gen.go
common/crypto/io.go
common/crypto/salsa20.go
common/dice/dice.go
common/dice/dice_test.go
common/drain/drain.go
common/drain/drainer.go
common/drain/errors.generated.go
common/environment/app.go
common/environment/base.go
common/environment/connection.go
common/environment/envctx/env.go
common/environment/envimpl/fs.go
common/environment/filesystemcap/fscap.go
common/environment/proxy.go
common/environment/rootcap.go
common/environment/rootcap_impl.go
common/environment/transientstorageimpl/errors.generated.go
common/environment/transientstorageimpl/storage.go
common/environment/transport.go
common/errors.generated.go
common/errors/errorgen/main.go
common/errors/errors.go
common/errors/errors_test.go
common/errors/multi_error.go
common/interfaces.go
common/log/access.go
common/log/log.go
common/log/log.pb.go
common/log/log.proto
common/log/log_test.go
common/log/logger.go
common/log/logger_test.go
common/mux/client.go
common/mux/client_test.go
common/mux/endpoint.go
common/mux/errors.generated.go
common/mux/frame.go
common/mux/frame_test.go
common/mux/mux.go
common/mux/mux_test.go
common/mux/reader.go
common/mux/server.go
common/mux/session.go
common/mux/session_test.go
common/mux/writer.go
common/net/address.go
common/net/address.pb.go
common/net/address.proto
common/net/address_test.go
common/net/destination.go
common/net/destination.pb.go
common/net/destination.proto
common/net/destination_test.go
common/net/errors.generated.go
common/net/net.go
common/net/network.go
common/net/network.pb.go
common/net/network.proto
common/net/packetaddr/bufio.go
common/net/packetaddr/config.pb.go
common/net/packetaddr/config.proto
common/net/packetaddr/connection_adaptor.go
common/net/packetaddr/errors.generated.go
common/net/packetaddr/packetaddr.go
common/net/packetaddr/packetaddr_test.go
common/net/packetaddr/special_address.go
common/net/pingproto/config.pb.go
common/net/pingproto/config.proto
common/net/pingproto/errors.generated.go
common/net/pingproto/manager.go
common/net/pingproto/pingproto.go
common/net/pool.go
common/net/port.go
common/net/port.pb.go
common/net/port.proto
common/net/port_test.go
common/net/system.go
common/net/udpovertcp/bufio.go
common/net/udpovertcp/conn.go
common/net/udpovertcp/conn_test.go
common/net/udpovertcp/errors.generated.go
common/net/udpovertcp/udpovertcp.go
common/net/uid.pb.go
common/net/uid.proto
common/ocsp/errors.generated.go
common/ocsp/ocsp.go
common/peer/latency.go
common/peer/peer.go
common/platform/ctlcmd/attr_other.go
common/platform/filesystem/file.go
common/platform/filesystem/fsifce/ifce.go
common/platform/others.go
common/platform/platform.go
common/platform/platform_test.go
common/platform/windows.go
common/protocol/account.go
common/protocol/address.go
common/protocol/address_test.go
common/protocol/bittorrent/bittorrent.go
common/protocol/context.go
common/protocol/dns/errors.generated.go
common/protocol/dns/io.go
common/protocol/dns/sniffer.go
common/protocol/errors.generated.go
common/protocol/headers.go
common/protocol/headers.pb.go
common/protocol/headers.proto
common/protocol/http/headers.go
common/protocol/http/headers_test.go
common/protocol/http/sniff.go
common/protocol/http/sniff_test.go
common/protocol/id.go
common/protocol/id_test.go
common/protocol/payload.go
common/protocol/protocol.go
common/protocol/quic/sniff.go
common/protocol/quic/sniff_test.go
common/protocol/server_picker.go
common/protocol/server_picker_test.go
common/protocol/server_spec.go
common/protocol/server_spec.pb.go
common/protocol/server_spec.proto
common/protocol/server_spec_test.go
common/protocol/time.go
common/protocol/time_test.go
common/protocol/tls/cert/cert.go
common/protocol/tls/cert/cert_test.go
common/protocol/tls/cert/errors.generated.go
common/protocol/tls/cert/privateKey.go
common/protocol/tls/sniff.go
common/protocol/tls/sniff_test.go
common/protocol/udp/packet.go
common/protocol/udp/udp.go
common/protocol/user.go
common/protocol/user.pb.go
common/protocol/user.proto
common/protoext/errors.generated.go
common/protoext/extensions.go
common/protoext/extensions.pb.go
common/protoext/extensions.proto
common/protoext/testing/extension_test.go
common/protoext/testing/test.pb.go
common/protoext/testing/test.proto
common/protofilter/errors.generated.go
common/protofilter/filter.go
common/registry/errors.generated.go
common/registry/implementation_set.go
common/registry/registry.go
common/retry/errors.generated.go
common/retry/retry.go
common/retry/retry_test.go
common/serial/resolver.go
common/serial/serial.go
common/serial/serial_test.go
common/serial/string.go
common/serial/string_test.go
common/serial/typed_message.go
common/serial/typed_message_test.go
common/session/context.go
common/session/session.go
common/signal/done/done.go
common/signal/notifier.go
common/signal/notifier_test.go
common/signal/pubsub/pubsub.go
common/signal/pubsub/pubsub_test.go
common/signal/semaphore/semaphore.go
common/signal/timer.go
common/signal/timer_test.go
common/strmatcher/benchmark_test.go
common/strmatcher/indexmatcher_linear.go
common/strmatcher/indexmatcher_linear_test.go
common/strmatcher/indexmatcher_mixed.go
common/strmatcher/indexmatcher_mixed_test.go
common/strmatcher/indexmatcher_mph.go
common/strmatcher/matchergroup_ac_automation.go
common/strmatcher/matchergroup_ac_automation_test.go
common/strmatcher/matchergroup_domain.go
common/strmatcher/matchergroup_domain_test.go
common/strmatcher/matchergroup_full.go
common/strmatcher/matchergroup_full_test.go
common/strmatcher/matchergroup_mph.go
common/strmatcher/matchergroup_mph_test.go
common/strmatcher/matchergroup_simple.go
common/strmatcher/matchergroup_simple_test.go
common/strmatcher/matchergroup_substr.go
common/strmatcher/matchergroup_substr_test.go
common/strmatcher/matchers.go
common/strmatcher/matchers_test.go
common/strmatcher/strmatcher.go
common/taggedfeatures/configloader.go
common/taggedfeatures/creator.go
common/taggedfeatures/errors.generated.go
common/taggedfeatures/holder.go
common/taggedfeatures/skeleton.pb.go
common/taggedfeatures/skeleton.proto
common/taggedfeatures/taggedfeatures.go
common/task/common.go
common/task/periodic.go
common/task/periodic_test.go
common/task/task.go
common/task/task_test.go
common/type.go
common/type_test.go
common/units/bytesize.go
common/units/bytesize_test.go
common/uuid/uuid.go
common/uuid/uuid_test.go
common/xudp/xudp.go
config.go
config.pb.go
config.proto
context.go
context_test.go
core.go
errors.generated.go
features/dns/client.go
features/dns/config.pb.go
features/dns/config.proto
features/dns/dns_new.go
features/dns/localdns/client.go
features/dns/localdns/transport.go
features/errors.generated.go
features/extension/browser.go
features/extension/contextreceiver.go
features/extension/instance.go
features/extension/observatory.go
features/extension/storage.go
features/extension/storage/storage.go
features/feature.go
features/inbound/inbound.go
features/outbound/outbound.go
features/ping/manager.go
features/policy/default.go
features/policy/policy.go
features/routing/balancer.go
features/routing/context.go
features/routing/dispatcher.go
features/routing/dns/context.go
features/routing/dns/errors.generated.go
features/routing/router.go
features/routing/session/context.go
features/stats/errors.generated.go
features/stats/stats.go
format.go
functions.go
functions_test.go
go.mod
go.sum
infra/conf/cfgcommon/buildable.go
infra/conf/cfgcommon/common.go
infra/conf/cfgcommon/common_test.go
infra/conf/cfgcommon/duration/duration.go
infra/conf/cfgcommon/duration/duration_test.go
infra/conf/cfgcommon/errors.generated.go
infra/conf/cfgcommon/loader/errors.generated.go
infra/conf/cfgcommon/loader/loader.go
infra/conf/cfgcommon/muxcfg/mux.go
infra/conf/cfgcommon/proxycfg/errors.generated.go
infra/conf/cfgcommon/proxycfg/proxy.go
infra/conf/cfgcommon/session.go
infra/conf/cfgcommon/sniffer/errors.generated.go
infra/conf/cfgcommon/sniffer/sniffer.go
infra/conf/cfgcommon/socketcfg/socket.go
infra/conf/cfgcommon/testassist/general.go
infra/conf/cfgcommon/tlscfg/errors.generated.go
infra/conf/cfgcommon/tlscfg/tls.go
infra/conf/cfgcommon/tlscfg/xtls.go
infra/conf/geodata/attr.go
infra/conf/geodata/errors.generated.go
infra/conf/geodata/geodata.go
infra/conf/geodata/geodata_test.go
infra/conf/geodata/geodataproto.go
infra/conf/geodata/memconservative/cache.go
infra/conf/geodata/memconservative/decode.go
infra/conf/geodata/memconservative/decode_test.go
infra/conf/geodata/memconservative/errors.generated.go
infra/conf/geodata/memconservative/memc.go
infra/conf/geodata/standard/errors.generated.go
infra/conf/geodata/standard/standard.go
infra/conf/json/reader.go
infra/conf/json/reader_test.go
infra/conf/jsonpb/errors.generated.go
infra/conf/jsonpb/jsonpb.go
infra/conf/merge/errors.generated.go
infra/conf/merge/map.go
infra/conf/merge/merge.go
infra/conf/merge/merge_test.go
infra/conf/merge/priority.go
infra/conf/merge/rules.go
infra/conf/merge/tag.go
infra/conf/mergers/errors.generated.go
infra/conf/mergers/extensions.go
infra/conf/mergers/merge.go
infra/conf/mergers/merger_base.go
infra/conf/mergers/mergers.go
infra/conf/mergers/names.go
infra/conf/rule/errors.generated.go
infra/conf/rule/rule.go
infra/conf/rule/rule_test.go
infra/conf/serial/errors.generated.go
infra/conf/serial/loader.go
infra/conf/serial/loader_test.go
infra/conf/serial/serial.go
infra/conf/synthetic/dns/dns.go
infra/conf/synthetic/dns/dns_test.go
infra/conf/synthetic/dns/errors.generated.go
infra/conf/synthetic/log/log.go
infra/conf/synthetic/router/errors.generated.go
infra/conf/synthetic/router/router.go
infra/conf/synthetic/router/router_strategy.go
infra/conf/synthetic/router/router_test.go
infra/conf/v2jsonpb/any2.go
infra/conf/v2jsonpb/errors.generated.go
infra/conf/v2jsonpb/follower.go
infra/conf/v2jsonpb/followerany.go
infra/conf/v2jsonpb/followerlist.go
infra/conf/v2jsonpb/followermap.go
infra/conf/v2jsonpb/v2jsonpb.go
infra/conf/v4/api.go
infra/conf/v4/blackhole.go
infra/conf/v4/blackhole_test.go
infra/conf/v4/browser_forwarder.go
infra/conf/v4/conf.go
infra/conf/v4/dns_proxy.go
infra/conf/v4/dns_proxy_test.go
infra/conf/v4/dokodemo.go
infra/conf/v4/dokodemo_test.go
infra/conf/v4/errors.generated.go
infra/conf/v4/freedom.go
infra/conf/v4/freedom_test.go
infra/conf/v4/gun.go
infra/conf/v4/http.go
infra/conf/v4/http_test.go
infra/conf/v4/lint.go
infra/conf/v4/loopback.go
infra/conf/v4/observatory.go
infra/conf/v4/ping.go
infra/conf/v4/policy.go
infra/conf/v4/policy_test.go
infra/conf/v4/reverse.go
infra/conf/v4/reverse_test.go
infra/conf/v4/services.go
infra/conf/v4/shadowsocks.go
infra/conf/v4/shadowsocks_test.go
infra/conf/v4/socks.go
infra/conf/v4/socks_test.go
infra/conf/v4/ssh.go
infra/conf/v4/transport.go
infra/conf/v4/transport_authenticators.go
infra/conf/v4/transport_internet.go
infra/conf/v4/transport_test.go
infra/conf/v4/trojan.go
infra/conf/v4/trojan_sing.go
infra/conf/v4/v2ray.go
infra/conf/v4/v2ray_test.go
infra/conf/v4/vless.go
infra/conf/v4/vless_test.go
infra/conf/v4/vliteu.go
infra/conf/v4/vmess.go
infra/conf/v4/vmess_test.go
infra/conf/v4/wireguard.go
infra/conf/v5cfg/common.go
infra/conf/v5cfg/errors.generated.go
infra/conf/v5cfg/inbound.go
infra/conf/v5cfg/init.go
infra/conf/v5cfg/outbound.go
infra/conf/v5cfg/root.go
infra/conf/v5cfg/skeleton.go
infra/conf/v5cfg/stream.go
infra/conf/v5cfg/v5cfg.go
infra/vformat/main.go
infra/vprotogen/main.go
main/commands/all/api/api.go
main/commands/all/api/balancer_info.go
main/commands/all/api/balancer_override.go
main/commands/all/api/jsonv4/inbounds_add.go
main/commands/all/api/jsonv4/inbounds_remove.go
main/commands/all/api/jsonv4/init.go
main/commands/all/api/jsonv4/outbounds_add.go
main/commands/all/api/jsonv4/outbounds_remove.go
main/commands/all/api/log.go
main/commands/all/api/shared.go
main/commands/all/api/stats.go
main/commands/all/commands.go
main/commands/all/engineering/convertpb.go
main/commands/all/engineering/engineering.go
main/commands/all/engineering/errors.generated.go
main/commands/all/engineering/reversepb.go
main/commands/all/errors.generated.go
main/commands/all/format_doc.go
main/commands/all/jsonv4/convert.go
main/commands/all/jsonv4/init.go
main/commands/all/love.go
main/commands/all/merge_doc.go
main/commands/all/tls/cert.go
main/commands/all/tls/ping.go
main/commands/all/tls/tls.go
main/commands/all/uuid.go
main/commands/all/verify.go
main/commands/base/command.go
main/commands/base/env.go
main/commands/base/execute.go
main/commands/base/help.go
main/commands/base/root.go
main/commands/errors.generated.go
main/commands/helpers/config_load.go
main/commands/helpers/fs.go
main/commands/run.go
main/commands/test.go
main/commands/version.go
main/distro/all/all.go
main/distro/debug/debug.go
main/distro/minimal/minimal.go
main/errors.generated.go
main/formats/errors.generated.go
main/formats/formats.go
main/main.go
main/main_test.go
main/v2binding/v2api/api.go
main/v2binding/v2binding.go
mocks.go
proto.go
proxy/blackhole/blackhole.go
proxy/blackhole/blackhole_test.go
proxy/blackhole/config.go
proxy/blackhole/config.pb.go
proxy/blackhole/config.proto
proxy/blackhole/config_test.go
proxy/blackhole/errors.generated.go
proxy/dns/config.pb.go
proxy/dns/config.proto
proxy/dns/dns.go
proxy/dns/dns_test.go
proxy/dns/errors.generated.go
proxy/dokodemo/config.go
proxy/dokodemo/config.pb.go
proxy/dokodemo/config.proto
proxy/dokodemo/dokodemo.go
proxy/dokodemo/errors.generated.go
proxy/freedom/config.go
proxy/freedom/config.pb.go
proxy/freedom/config.proto
proxy/freedom/errors.generated.go
proxy/freedom/freedom.go
proxy/http/client.go
proxy/http/config.go
proxy/http/config.pb.go
proxy/http/config.proto
proxy/http/errors.generated.go
proxy/http/http.go
proxy/http/server.go
proxy/http/simplified/config.go
proxy/http/simplified/config.pb.go
proxy/http/simplified/config.proto
proxy/loopback/config.go
proxy/loopback/config.pb.go
proxy/loopback/config.proto
proxy/loopback/errors.generated.go
proxy/loopback/loopback.go
proxy/proxy.go
proxy/shadowsocks/client.go
proxy/shadowsocks/config.go
proxy/shadowsocks/config.pb.go
proxy/shadowsocks/config.proto
proxy/shadowsocks/config_test.go
proxy/shadowsocks/errors.generated.go
proxy/shadowsocks/plugin.go
proxy/shadowsocks/plugin/external/errors.generated.go
proxy/shadowsocks/plugin/external/log.go
proxy/shadowsocks/plugin/external/plugin.go
proxy/shadowsocks/plugin/self/args.go
proxy/shadowsocks/plugin/self/errors.generated.go
proxy/shadowsocks/plugin/self/obfs.go
proxy/shadowsocks/plugin/self/plugin.go
proxy/shadowsocks/plugin/self/ssr.go
proxy/shadowsocks/protocol.go
proxy/shadowsocks/protocol_test.go
proxy/shadowsocks/server.go
proxy/shadowsocks/shadowsocks.go
proxy/shadowsocks/simplified/config.go
proxy/shadowsocks/simplified/config.pb.go
proxy/shadowsocks/simplified/config.proto
proxy/shadowsocks/spec_2022.go
proxy/shadowsocks_sing/config.pb.go
proxy/shadowsocks_sing/config.proto
proxy/shadowsocks_sing/errors.generated.go
proxy/shadowsocks_sing/outbound.go
proxy/shadowsocks_sing/shadowsocks_sing.go
proxy/socks/client.go
proxy/socks/config.go
proxy/socks/config.pb.go
proxy/socks/config.proto
proxy/socks/errors.generated.go
proxy/socks/protocol.go
proxy/socks/protocol_test.go
proxy/socks/server.go
proxy/socks/simplified/config.go
proxy/socks/simplified/config.pb.go
proxy/socks/simplified/config.proto
proxy/socks/socks.go
proxy/ssh/client.go
proxy/ssh/config.pb.go
proxy/ssh/config.proto
proxy/ssh/errors.generated.go
proxy/ssh/ssh.go
proxy/trojan/client.go
proxy/trojan/config.go
proxy/trojan/config.pb.go
proxy/trojan/config.proto
proxy/trojan/errors.generated.go
proxy/trojan/protocol.go
proxy/trojan/protocol_test.go
proxy/trojan/server.go
proxy/trojan/simplified/config.go
proxy/trojan/simplified/config.pb.go
proxy/trojan/simplified/config.proto
proxy/trojan/trojan.go
proxy/trojan/validator.go
proxy/trojan_sing/config.pb.go
proxy/trojan_sing/config.proto
proxy/trojan_sing/errors.generated.go
proxy/trojan_sing/outbound.go
proxy/trojan_sing/trojan_sing.go
proxy/vless/account.go
proxy/vless/account.pb.go
proxy/vless/account.proto
proxy/vless/encoding/addons.go
proxy/vless/encoding/addons.pb.go
proxy/vless/encoding/addons.proto
proxy/vless/encoding/encoding.go
proxy/vless/encoding/encoding_test.go
proxy/vless/encoding/errors.generated.go
proxy/vless/errors.generated.go
proxy/vless/inbound/config.go
proxy/vless/inbound/config.pb.go
proxy/vless/inbound/config.proto
proxy/vless/inbound/errors.generated.go
proxy/vless/inbound/inbound.go
proxy/vless/outbound/config.go
proxy/vless/outbound/config.pb.go
proxy/vless/outbound/config.proto
proxy/vless/outbound/errors.generated.go
proxy/vless/outbound/outbound.go
proxy/vless/validator.go
proxy/vless/vless.go
proxy/vlite/inbound/config.pb.go
proxy/vlite/inbound/config.proto
proxy/vlite/inbound/connAdp.go
proxy/vlite/inbound/errors.generated.go
proxy/vlite/inbound/inbound.go
proxy/vlite/outbound/config.pb.go
proxy/vlite/outbound/config.proto
proxy/vlite/outbound/errors.generated.go
proxy/vlite/outbound/outbound.go
proxy/vlite/vlite.go
proxy/vmess/account.go
proxy/vmess/account.pb.go
proxy/vmess/account.proto
proxy/vmess/aead/authid.go
proxy/vmess/aead/authid_test.go
proxy/vmess/aead/consts.go
proxy/vmess/aead/encrypt.go
proxy/vmess/aead/encrypt_test.go
proxy/vmess/aead/kdf.go
proxy/vmess/aead/kdf_test.go
proxy/vmess/encoding/auth.go
proxy/vmess/encoding/auth_test.go
proxy/vmess/encoding/client.go
proxy/vmess/encoding/commands.go
proxy/vmess/encoding/commands_test.go
proxy/vmess/encoding/encoding.go
proxy/vmess/encoding/encoding_test.go
proxy/vmess/encoding/errors.generated.go
proxy/vmess/encoding/server.go
proxy/vmess/errors.generated.go
proxy/vmess/inbound/config.go
proxy/vmess/inbound/config.pb.go
proxy/vmess/inbound/config.proto
proxy/vmess/inbound/errors.generated.go
proxy/vmess/inbound/inbound.go
proxy/vmess/outbound/command.go
proxy/vmess/outbound/config.go
proxy/vmess/outbound/config.pb.go
proxy/vmess/outbound/config.proto
proxy/vmess/outbound/errors.generated.go
proxy/vmess/outbound/outbound.go
proxy/vmess/validator.go
proxy/vmess/validator_test.go
proxy/vmess/vmess.go
proxy/vmess/vmessCtxInterface.go
proxy/wireguard/client.go
proxy/wireguard/config.pb.go
proxy/wireguard/config.proto
proxy/wireguard/device.go
proxy/wireguard/endpoint.go
proxy/wireguard/errors.generated.go
proxy/wireguard/icmp.go
proxy/wireguard/wireguard.go
testing/mocks/dns.go
testing/mocks/io.go
testing/mocks/log.go
testing/mocks/mux.go
testing/mocks/outbound.go
testing/mocks/proxy.go
testing/scenarios/command_test.go
testing/scenarios/common.go
testing/scenarios/common_coverage.go
testing/scenarios/common_regular.go
testing/scenarios/dns_test.go
testing/scenarios/dokodemo_test.go
testing/scenarios/feature_test.go
testing/scenarios/grpc_test.go
testing/scenarios/http_test.go
testing/scenarios/policy_test.go
testing/scenarios/reverse_test.go
testing/scenarios/shadowsocks_2022_test.go
testing/scenarios/shadowsocks_test.go
testing/scenarios/socks_test.go
testing/scenarios/tls_test.go
testing/scenarios/transport_test.go
testing/scenarios/vmess_test.go
testing/servers/http/http.go
testing/servers/tcp/port.go
testing/servers/tcp/tcp.go
testing/servers/udp/port.go
testing/servers/udp/udp.go
transport/config.go
transport/config.pb.go
transport/config.proto
transport/internet/config.go
transport/internet/config.pb.go
transport/internet/config.proto
transport/internet/connection.go
transport/internet/dialer.go
transport/internet/dialer_test.go
transport/internet/domainsocket/config.go
transport/internet/domainsocket/config.pb.go
transport/internet/domainsocket/config.proto
transport/internet/domainsocket/dial.go
transport/internet/domainsocket/errgen.go
transport/internet/domainsocket/errors.generated.go
transport/internet/domainsocket/listener.go
transport/internet/domainsocket/listener_test.go
transport/internet/errors.generated.go
transport/internet/filelocker.go
transport/internet/filelocker_other.go
transport/internet/filelocker_windows.go
transport/internet/grpc/config.go
transport/internet/grpc/config.pb.go
transport/internet/grpc/config.proto
transport/internet/grpc/dial.go
transport/internet/grpc/encoding/conn.go
transport/internet/grpc/encoding/customSeviceName.go
transport/internet/grpc/encoding/encoding.go
transport/internet/grpc/encoding/errors.generated.go
transport/internet/grpc/encoding/multi.go
transport/internet/grpc/encoding/raw.go
transport/internet/grpc/encoding/stream.pb.go
transport/internet/grpc/encoding/stream.proto
transport/internet/grpc/encoding/stream_grpc.pb.go
transport/internet/grpc/errors.generated.go
transport/internet/grpc/grpc.go
transport/internet/grpc/hub.go
transport/internet/header.go
transport/internet/header_test.go
transport/internet/headers/http/config.go
transport/internet/headers/http/config.pb.go
transport/internet/headers/http/config.proto
transport/internet/headers/http/errors.generated.go
transport/internet/headers/http/http.go
transport/internet/headers/http/http_test.go
transport/internet/headers/http/linkedreadRequest.go
transport/internet/headers/http/resp.go
transport/internet/headers/noop/config.pb.go
transport/internet/headers/noop/config.proto
transport/internet/headers/noop/noop.go
transport/internet/headers/srtp/config.pb.go
transport/internet/headers/srtp/config.proto
transport/internet/headers/srtp/srtp.go
transport/internet/headers/srtp/srtp_test.go
transport/internet/headers/tls/config.pb.go
transport/internet/headers/tls/config.proto
transport/internet/headers/tls/dtls.go
transport/internet/headers/tls/dtls_test.go
transport/internet/headers/utp/config.pb.go
transport/internet/headers/utp/config.proto
transport/internet/headers/utp/utp.go
transport/internet/headers/utp/utp_test.go
transport/internet/headers/wechat/config.pb.go
transport/internet/headers/wechat/config.proto
transport/internet/headers/wechat/wechat.go
transport/internet/headers/wechat/wechat_test.go
transport/internet/headers/wireguard/config.pb.go
transport/internet/headers/wireguard/config.proto
transport/internet/headers/wireguard/wireguard.go
transport/internet/http/config.go
transport/internet/http/config.pb.go
transport/internet/http/config.proto
transport/internet/http/dialer.go
transport/internet/http/errors.generated.go
transport/internet/http/http.go
transport/internet/http/http_test.go
transport/internet/http/hub.go
transport/internet/internet.go
transport/internet/kcp/config.go
transport/internet/kcp/config.pb.go
transport/internet/kcp/config.proto
transport/internet/kcp/connection.go
transport/internet/kcp/connection_test.go
transport/internet/kcp/crypt.go
transport/internet/kcp/crypt_test.go
transport/internet/kcp/cryptreal.go
transport/internet/kcp/dialer.go
transport/internet/kcp/errors.generated.go
transport/internet/kcp/io.go
transport/internet/kcp/io_test.go
transport/internet/kcp/kcp.go
transport/internet/kcp/kcp_test.go
transport/internet/kcp/listener.go
transport/internet/kcp/output.go
transport/internet/kcp/receiving.go
transport/internet/kcp/segment.go
transport/internet/kcp/segment_test.go
transport/internet/kcp/sending.go
transport/internet/kcp/xor.go
transport/internet/kcp/xor_amd64.go
transport/internet/kcp/xor_amd64.s
transport/internet/memory_settings.go
transport/internet/quic/config.go
transport/internet/quic/config.pb.go
transport/internet/quic/config.proto
transport/internet/quic/conn.go
transport/internet/quic/dialer.go
transport/internet/quic/errors.generated.go
transport/internet/quic/hub.go
transport/internet/quic/pool.go
transport/internet/quic/quic.go
transport/internet/quic/quic_test.go
transport/internet/sockopt.go
transport/internet/sockopt_darwin.go
transport/internet/sockopt_freebsd.go
transport/internet/sockopt_linux.go
transport/internet/sockopt_linux_test.go
transport/internet/sockopt_other.go
transport/internet/sockopt_test.go
transport/internet/sockopt_windows.go
transport/internet/system_dialer.go
transport/internet/system_dns_android.go
transport/internet/system_dns_android_test.go
transport/internet/system_listener.go
transport/internet/system_listener_test.go
transport/internet/tagged/tagged.go
transport/internet/tagged/taggedimpl/errors.generated.go
transport/internet/tagged/taggedimpl/impl.go
transport/internet/tagged/taggedimpl/taggedimpl.go
transport/internet/tcp/config.go
transport/internet/tcp/config.pb.go
transport/internet/tcp/config.proto
transport/internet/tcp/dialer.go
transport/internet/tcp/errors.generated.go
transport/internet/tcp/hub.go
transport/internet/tcp/sockopt_freebsd.go
transport/internet/tcp/sockopt_linux.go
transport/internet/tcp/sockopt_linux_test.go
transport/internet/tcp/sockopt_other.go
transport/internet/tcp/tcp.go
transport/internet/tcp_hub.go
transport/internet/tls/config.go
transport/internet/tls/config.pb.go
transport/internet/tls/config.proto
transport/internet/tls/config_other.go
transport/internet/tls/config_test.go
transport/internet/tls/config_windows.go
transport/internet/tls/errors.generated.go
transport/internet/tls/pin.go
transport/internet/tls/pin_test.go
transport/internet/tls/tls.go
transport/internet/udp/config.go
transport/internet/udp/config.pb.go
transport/internet/udp/config.proto
transport/internet/udp/copy.go
transport/internet/udp/dialer.go
transport/internet/udp/dispatcher.go
transport/internet/udp/dispatcher_packetaddr.go
transport/internet/udp/dispatcher_split.go
transport/internet/udp/dispatcher_split_test.go
transport/internet/udp/errors.generated.go
transport/internet/udp/hub.go
transport/internet/udp/hub_freebsd.go
transport/internet/udp/hub_linux.go
transport/internet/udp/hub_other.go
transport/internet/udp/udp.go
transport/internet/websocket/config.go
transport/internet/websocket/config.pb.go
transport/internet/websocket/config.proto
transport/internet/websocket/connection.go
transport/internet/websocket/connforwarder.go
transport/internet/websocket/dialer.go
transport/internet/websocket/errors.generated.go
transport/internet/websocket/hub.go
transport/internet/websocket/ws.go
transport/internet/websocket/ws_test.go
transport/internet/xtls/config.go
transport/internet/xtls/config.pb.go
transport/internet/xtls/config.proto
transport/internet/xtls/config_other.go
transport/internet/xtls/config_test.go
transport/internet/xtls/config_windows.go
transport/internet/xtls/errors.generated.go
transport/internet/xtls/unsafe.go
transport/internet/xtls/xtls.go
transport/link.go
transport/pipe/impl.go
transport/pipe/interface.go
transport/pipe/pipe.go
transport/pipe/pipe_test.go
transport/pipe/reader.go
transport/pipe/writer.go
v2ray.go
v2ray_test.go

Symlinking directories from /home/runner/work/Zzz/Zzz/openwrt/staging_dir/target-mips_24kc_musl/usr/share/gocode/src into /home/runner/work/Zzz/Zzz/openwrt/build_dir/target-mips_24kc_musl/sagernet-core-5.0.17-2022-07-30-26e36b1c/.go_work/build/src
.../github.com/filebrowser
.../github.com/ginuerzh
.../github.com/alist-org
.../github.com/apernet
.../github.com/txthinking

touch /home/runner/work/Zzz/Zzz/openwrt/build_dir/target-mips_24kc_musl/sagernet-core-5.0.17-2022-07-30-26e36b1c/.configured_68b329da9893e34099c7d8ad5cb9c940
rm -f /home/runner/work/Zzz/Zzz/openwrt/build_dir/target-mips_24kc_musl/sagernet-core-5.0.17-2022-07-30-26e36b1c/.built
touch /home/runner/work/Zzz/Zzz/openwrt/build_dir/target-mips_24kc_musl/sagernet-core-5.0.17-2022-07-30-26e36b1c/.built_check
CONFIG_GOLANG_MOD_CACHE_WORLD_READABLE="" GO_BUILD_CACHE_DIR="/home/runner/work/Zzz/Zzz/openwrt/tmp/go-build" GO_MOD_CACHE_DIR="/home/runner/work/Zzz/Zzz/openwrt/dl/go-mod-cache" GO_MOD_ARGS="-modcacherw" GO_PKG="github.com/v2fly/v2ray-core/v5" GO_INSTALL_EXTRA="" GO_INSTALL_ALL="" GO_SOURCE_ONLY="" GO_BUILD_PKG="github.com/v2fly/v2ray-core/v5/main" GO_EXCLUDES="" GO_GO_GENERATE="" GO_INSTALL_BIN_PATH="/usr/bin" BUILD_DIR="/home/runner/work/Zzz/Zzz/openwrt/build_dir/target-mips_24kc_musl/sagernet-core-5.0.17-2022-07-30-26e36b1c" GO_BUILD_DIR="/home/runner/work/Zzz/Zzz/openwrt/build_dir/target-mips_24kc_musl/sagernet-core-5.0.17-2022-07-30-26e36b1c/.go_work/build" GO_BUILD_BIN_DIR="/home/runner/work/Zzz/Zzz/openwrt/build_dir/target-mips_24kc_musl/sagernet-core-5.0.17-2022-07-30-26e36b1c/.go_work/build/bin/linux_mips" GO_BUILD_DEPENDS_PATH="/usr/share/gocode" GO_BUILD_DEPENDS_SRC="/home/runner/work/Zzz/Zzz/openwrt/staging_dir/target-mips_24kc_musl/usr/share/gocode/src" GOOS="linux" GOARCH="mips" GO386="" GOAMD64="" GOARM="" GOMIPS="softfloat" GOMIPS64="" GOPPC64="" CGO_ENABLED=1 CC="mips-openwrt-linux-musl-gcc" CXX="mips-openwrt-linux-musl-g++" CGO_CFLAGS="-Os -pipe -mno-branch-likely -mtune=24kc -fno-caller-saves -fno-plt -fhonour-copts -Wno-error=unused-but-set-variable -Wno-error=unused-result -msoft-float -ffile-prefix-map=/home/runner/work/Zzz/Zzz/openwrt/build_dir/target-mips_24kc_musl/sagernet-core-5.0.17-2022-07-30-26e36b1c=sagernet-core-5.0.17-2022-07-30-26e36b1c -Wformat -Werror=format-security -fstack-protector -D_FORTIFY_SOURCE=1 -Wl,-z,now -Wl,-z,relro" CGO_CPPFLAGS="-I/home/runner/work/Zzz/Zzz/openwrt/staging_dir/toolchain-mips_24kc_gcc-11.2.0_musl/usr/include -I/home/runner/work/Zzz/Zzz/openwrt/staging_dir/toolchain-mips_24kc_gcc-11.2.0_musl/include/fortify -I/home/runner/work/Zzz/Zzz/openwrt/staging_dir/toolchain-mips_24kc_gcc-11.2.0_musl/include" CGO_CXXFLAGS="-Os -pipe -mno-branch-likely -mtune=24kc -fno-caller-saves -fno-plt -fhonour-copts -Wno-error=unused-but-set-variable -Wno-error=unused-result -msoft-float -ffile-prefix-map=/home/runner/work/Zzz/Zzz/openwrt/build_dir/target-mips_24kc_musl/sagernet-core-5.0.17-2022-07-30-26e36b1c=sagernet-core-5.0.17-2022-07-30-26e36b1c -Wformat -Werror=format-security -fstack-protector -D_FORTIFY_SOURCE=1 -Wl,-z,now -Wl,-z,relro" CGO_LDFLAGS="-L/home/runner/work/Zzz/Zzz/openwrt/staging_dir/toolchain-mips_24kc_gcc-11.2.0_musl/usr/lib -L/home/runner/work/Zzz/Zzz/openwrt/staging_dir/toolchain-mips_24kc_gcc-11.2.0_musl/lib -znow -zrelro" GOPATH="/home/runner/work/Zzz/Zzz/openwrt/build_dir/target-mips_24kc_musl/sagernet-core-5.0.17-2022-07-30-26e36b1c/.go_work/build" GOCACHE="/home/runner/work/Zzz/Zzz/openwrt/tmp/go-build" GOMODCACHE="/home/runner/work/Zzz/Zzz/openwrt/dl/go-mod-cache" GOENV=off GOTOOLCHAIN=local /usr/bin/env bash /home/runner/work/Zzz/Zzz/openwrt/feeds/packages/lang/golang//golang-build.sh build -v -buildvcs=false -trimpath -ldflags "all=-buildid '1700042442' -linkmode external -extldflags '-L/home/runner/work/Zzz/Zzz/openwrt/staging_dir/toolchain-mips_24kc_gcc-11.2.0_musl/usr/lib -L/home/runner/work/Zzz/Zzz/openwrt/staging_dir/toolchain-mips_24kc_gcc-11.2.0_musl/lib -Wl,-z,now -Wl,-z,relro'"     -installsuffix "softfloat"   -ldflags " -X github.com/v2fly/v2ray-core/v5.build=OpenWrt -X github.com/v2fly/v2ray-core/v5.version=5.0.17 -buildid '1700042442' -linkmode external -extldflags '-L/home/runner/work/Zzz/Zzz/openwrt/staging_dir/toolchain-mips_24kc_gcc-11.2.0_musl/usr/lib -L/home/runner/work/Zzz/Zzz/openwrt/staging_dir/toolchain-mips_24kc_gcc-11.2.0_musl/lib -Wl,-z,now -Wl,-z,relro'"  
Finding targets
go: downloading google.golang.org/protobuf v1.28.0
go: downloading google.golang.org/grpc v1.48.0
go: downloading github.com/sagernet/sing v0.0.0-20220726034811-bc109486f14e
go: downloading github.com/golang/protobuf v1.5.2
go: downloading github.com/lucas-clemente/quic-go v0.28.1
go: downloading golang.org/x/net v0.0.0-20220728030405-41545e8bf201
go: downloading github.com/go-chi/chi/v5 v5.0.7
go: downloading github.com/go-chi/render v1.0.1
go: downloading github.com/go-playground/validator/v10 v10.11.0
go: downloading go.starlark.net v0.0.0-20220714194419-4cadf0a12139
go: downloading inet.af/netaddr v0.0.0-20220617031823-097006376321
go: downloading github.com/v2fly/VSign v0.0.0-20201108000810-e2adc24bf848
go: downloading github.com/Dreamacro/clash v1.11.4
go: downloading github.com/dgryski/go-camellia v0.0.0-20191119043421-69a8a13fb23d
go: downloading github.com/dgryski/go-idea v0.0.0-20170306091226-d2fb45a411fb
go: downloading github.com/dgryski/go-rc2 v0.0.0-20150621095337-8a9021637152
go: downloading github.com/geeksbaek/seed v0.0.0-20180909040025-2a7f5fb92e22
go: downloading github.com/kierdavis/cfb8 v0.0.0-20180105024805-3a17c36ee2f8
go: downloading golang.org/x/crypto v0.0.0-20220722155217-630584e8d5aa
go: downloading github.com/sagernet/sing-shadowsocks v0.0.0-20220726034922-ebbaadcae06b
go: downloading github.com/xtls/go v0.0.0-20210920065950-d4af136d3672
go: downloading golang.org/x/sys v0.0.0-20220728004956-3c1f35247d10
go: downloading github.com/marten-seemann/qtls-go1-18 v0.1.2
go: downloading github.com/pires/go-proxyproto v0.6.2
go: downloading github.com/cheekybits/genny v1.0.0
go: downloading google.golang.org/genproto v0.0.0-20220322021311-435b647f9ef2
go: downloading github.com/sagernet/gvisor v0.0.0-20220402114650-763d12dc953e
go: downloading github.com/go-playground/universal-translator v0.18.0
go: downloading github.com/leodido/go-urn v1.2.1
go: downloading golang.org/x/text v0.3.7
go: downloading go4.org/intern v0.0.0-20220301175310-a089fc204883
go: downloading github.com/seiflotfy/cuckoofilter v0.0.0-20220411075957-e3b120b3f5fb
go: downloading github.com/v2fly/ss-bloomring v0.0.0-20210312155135-28617310f63e
go: downloading github.com/klauspost/cpuid/v2 v2.0.12
go: downloading github.com/go-playground/locales v0.14.0
go: downloading github.com/klauspost/cpuid v1.2.3
go: downloading github.com/google/btree v1.0.1
go: downloading github.com/jhump/protoreflect v1.12.0
go: downloading github.com/sirupsen/logrus v1.8.1
go: downloading go4.org/unsafe/assume-no-moving-gc v0.0.0-20220617031537-928513b29760
go: downloading github.com/dgryski/go-metro v0.0.0-20211217172704-adc40b04c140
go: downloading github.com/marten-seemann/qtls-go1-19 v0.1.0-beta.1
go: downloading github.com/v2fly/BrowserBridge v0.0.0-20210430233438-0570fc1d7d08
go: downloading golang.zx2c4.com/wireguard v0.0.0-20220703234212-c31a7b1ab478
go: downloading github.com/ebfe/bcrypt_pbkdf v0.0.0-20140212075826-3c8d2dcb253a
go: downloading github.com/xtaci/smux v1.5.16
go: downloading golang.org/x/time v0.0.0-20220411224347-583f2d630306
go: downloading github.com/lunixbochs/struc v0.0.0-20200707160740-784aaebc1d40

Building targets
package github.com/v2fly/v2ray-core/v5/main
	imports github.com/v2fly/v2ray-core/v5/main/distro/all
	imports github.com/v2fly/v2ray-core/v5/app/proxyman/outbound
	imports github.com/v2fly/v2ray-core/v5/common/net/pingproto
	imports gvisor.dev/gvisor/pkg/tcpip/buffer
	imports gvisor.dev/gvisor/pkg/state
	imports gvisor.dev/gvisor/pkg/state/wire
	imports gvisor.dev/gvisor/pkg/gohacks: build constraints exclude all Go files in /home/runner/work/Zzz/Zzz/openwrt/dl/go-mod-cache/github.com/sagernet/gvisor@v0.0.0-20220402114650-763d12dc953e/pkg/gohacks

make[2]: *** [Makefile:148: /home/runner/work/Zzz/Zzz/openwrt/build_dir/target-mips_24kc_musl/sagernet-core-5.0.17-2022-07-30-26e36b1c/.built] Error 1
make[2]: Leaving directory '/home/runner/work/Zzz/Zzz/openwrt/feeds/kiddin9/sagernet-core'
time: package/feeds/kiddin9/sagernet-core/compile#8.56#2.95#13.19
    ERROR: package/feeds/kiddin9/sagernet-core failed to build.
make[1]: *** [package/Makefile:120: package/feeds/kiddin9/sagernet-core/compile] Error 1
make[1]: Leaving directory '/home/runner/work/Zzz/Zzz/openwrt'
make: *** [/home/runner/work/Zzz/Zzz/openwrt/include/toplevel.mk:222: package/sagernet-core/compile] Error 2
