make[2]: Entering directory '/home/runner/work/Zzz/Zzz/openwrt/scripts/config'
make[2]: 'conf' is up to date.
make[2]: Leaving directory '/home/runner/work/Zzz/Zzz/openwrt/scripts/config'
make[1]: Entering directory '/home/runner/work/Zzz/Zzz/openwrt'
make[2]: Entering directory '/home/runner/work/Zzz/Zzz/openwrt/package/toolchain'
Makefile:735: WARNING: skipping libgomp -- package has no install section
echo "libc" >> /home/runner/work/Zzz/Zzz/openwrt/staging_dir/target-arm_cortex-a5+vfpv4_musl_eabi/pkginfo/toolchain.default.install
echo "libgcc" >> /home/runner/work/Zzz/Zzz/openwrt/staging_dir/target-arm_cortex-a5+vfpv4_musl_eabi/pkginfo/toolchain.default.install
echo "libpthread" >> /home/runner/work/Zzz/Zzz/openwrt/staging_dir/target-arm_cortex-a5+vfpv4_musl_eabi/pkginfo/toolchain.default.install
make[2]: Leaving directory '/home/runner/work/Zzz/Zzz/openwrt/package/toolchain'
time: package/toolchain/compile#0.24#0.07#0.30
make[2]: Entering directory '/home/runner/work/Zzz/Zzz/openwrt/feeds/base/package/libs/zlib'
make[2]: Leaving directory '/home/runner/work/Zzz/Zzz/openwrt/feeds/base/package/libs/zlib'
time: package/feeds/base/zlib/compile#0.15#0.04#0.18
make[2]: Entering directory '/home/runner/work/Zzz/Zzz/openwrt/feeds/base/package/libs/libiconv'
make[2]: Leaving directory '/home/runner/work/Zzz/Zzz/openwrt/feeds/base/package/libs/libiconv'
time: package/feeds/base/libiconv/compile#0.18#0.04#0.20
make[2]: Entering directory '/home/runner/work/Zzz/Zzz/openwrt/feeds/base/package/devel/binutils'
make[2]: Leaving directory '/home/runner/work/Zzz/Zzz/openwrt/feeds/base/package/devel/binutils'
time: package/feeds/base/binutils/compile#0.40#0.14#0.42
make[2]: Entering directory '/home/runner/work/Zzz/Zzz/openwrt/feeds/base/package/utils/bzip2'
make[2]: Leaving directory '/home/runner/work/Zzz/Zzz/openwrt/feeds/base/package/utils/bzip2'
time: package/feeds/base/bzip2/compile#0.20#0.05#0.23
make[2]: Entering directory '/home/runner/work/Zzz/Zzz/openwrt/feeds/base/package/libs/argp-standalone'
make[2]: Leaving directory '/home/runner/work/Zzz/Zzz/openwrt/feeds/base/package/libs/argp-standalone'
time: package/feeds/base/argp-standalone/compile#0.15#0.09#0.21
make[2]: Entering directory '/home/runner/work/Zzz/Zzz/openwrt/feeds/base/package/libs/musl-fts'
make[2]: Leaving directory '/home/runner/work/Zzz/Zzz/openwrt/feeds/base/package/libs/musl-fts'
time: package/feeds/base/musl-fts/compile#0.19#0.05#0.21
make[2]: Entering directory '/home/runner/work/Zzz/Zzz/openwrt/feeds/base/package/libs/elfutils'
make[2]: Leaving directory '/home/runner/work/Zzz/Zzz/openwrt/feeds/base/package/libs/elfutils'
time: package/feeds/base/elfutils/compile#0.27#0.06#0.29
make[2]: Entering directory '/home/runner/work/Zzz/Zzz/openwrt/feeds/base/package/network/utils/bpftools'
make[2]: Leaving directory '/home/runner/work/Zzz/Zzz/openwrt/feeds/base/package/network/utils/bpftools'
time: package/feeds/base/bpftools/lib/compile#0.16#0.04#0.19
make[2]: Entering directory '/home/runner/work/Zzz/Zzz/openwrt/feeds/base/package/libs/libmnl'
echo "libmnl" >> /home/runner/work/Zzz/Zzz/openwrt/staging_dir/target-arm_cortex-a5+vfpv4_musl_eabi/pkginfo/libmnl.default.install
make[2]: Leaving directory '/home/runner/work/Zzz/Zzz/openwrt/feeds/base/package/libs/libmnl'
time: package/feeds/base/libmnl/compile#0.14#0.05#0.18
make[2]: Entering directory '/home/runner/work/Zzz/Zzz/openwrt/feeds/base/package/libs/libnftnl'
echo "libnftnl" >> /home/runner/work/Zzz/Zzz/openwrt/staging_dir/target-arm_cortex-a5+vfpv4_musl_eabi/pkginfo/libnftnl.default.install
make[2]: Leaving directory '/home/runner/work/Zzz/Zzz/openwrt/feeds/base/package/libs/libnftnl'
time: package/feeds/base/libnftnl/compile#0.16#0.05#0.19
make[2]: Entering directory '/home/runner/work/Zzz/Zzz/openwrt/feeds/base/package/firmware/linux-firmware'
make[2]: Leaving directory '/home/runner/work/Zzz/Zzz/openwrt/feeds/base/package/firmware/linux-firmware'
time: package/feeds/base/linux-firmware/compile#1.47#0.12#1.56
make[2]: Entering directory '/home/runner/work/Zzz/Zzz/openwrt/feeds/base/package/firmware/prism54-firmware'
make[2]: Leaving directory '/home/runner/work/Zzz/Zzz/openwrt/feeds/base/package/firmware/prism54-firmware'
time: package/feeds/base/prism54-firmware/compile#0.18#0.04#0.20
make[2]: Entering directory '/home/runner/work/Zzz/Zzz/openwrt/package/kernel/linux'
echo "kernel" >> /home/runner/work/Zzz/Zzz/openwrt/staging_dir/target-arm_cortex-a5+vfpv4_musl_eabi/pkginfo/linux.default.install
echo "kmod-crypto-crc32c" >> /home/runner/work/Zzz/Zzz/openwrt/staging_dir/target-arm_cortex-a5+vfpv4_musl_eabi/pkginfo/linux.default.install
echo "kmod-crypto-hash" >> /home/runner/work/Zzz/Zzz/openwrt/staging_dir/target-arm_cortex-a5+vfpv4_musl_eabi/pkginfo/linux.default.install
WARNING: kmod-crypto-hw-padlock is not available in the kernel config - generating empty package
echo "kmod-fs-configfs" >> /home/runner/work/Zzz/Zzz/openwrt/staging_dir/target-arm_cortex-a5+vfpv4_musl_eabi/pkginfo/linux.default.install
WARNING: kmod-i2c-algo-pca is not available in the kernel config - generating empty package
WARNING: kmod-i2c-algo-pcf is not available in the kernel config - generating empty package
WARNING: kmod-i2c-designware-core is not available in the kernel config - generating empty package
WARNING: kmod-i2c-designware-pci is not available in the kernel config - generating empty package
WARNING: kmod-i2c-pxa is not available in the kernel config - generating empty package
WARNING: kmod-i2c-smbus is not available in the kernel config - generating empty package
echo "kmod-lib-crc-ccitt" >> /home/runner/work/Zzz/Zzz/openwrt/staging_dir/target-arm_cortex-a5+vfpv4_musl_eabi/pkginfo/linux.default.install
echo "kmod-lib-crc32c" >> /home/runner/work/Zzz/Zzz/openwrt/staging_dir/target-arm_cortex-a5+vfpv4_musl_eabi/pkginfo/linux.default.install
WARNING: kmod-tg3 is not available in the kernel config - generating empty package
WARNING: kmod-hfcpci is not available in the kernel config - generating empty package
WARNING: kmod-hfcmulti is not available in the kernel config - generating empty package
echo "kmod-nf-reject" >> /home/runner/work/Zzz/Zzz/openwrt/staging_dir/target-arm_cortex-a5+vfpv4_musl_eabi/pkginfo/linux.default.install
echo "kmod-nf-reject6" >> /home/runner/work/Zzz/Zzz/openwrt/staging_dir/target-arm_cortex-a5+vfpv4_musl_eabi/pkginfo/linux.default.install
echo "kmod-nf-conntrack" >> /home/runner/work/Zzz/Zzz/openwrt/staging_dir/target-arm_cortex-a5+vfpv4_musl_eabi/pkginfo/linux.default.install
echo "kmod-nf-conntrack6" >> /home/runner/work/Zzz/Zzz/openwrt/staging_dir/target-arm_cortex-a5+vfpv4_musl_eabi/pkginfo/linux.default.install
echo "kmod-nf-log" >> /home/runner/work/Zzz/Zzz/openwrt/staging_dir/target-arm_cortex-a5+vfpv4_musl_eabi/pkginfo/linux.default.install
echo "kmod-nf-log6" >> /home/runner/work/Zzz/Zzz/openwrt/staging_dir/target-arm_cortex-a5+vfpv4_musl_eabi/pkginfo/linux.default.install
echo "kmod-nf-nat" >> /home/runner/work/Zzz/Zzz/openwrt/staging_dir/target-arm_cortex-a5+vfpv4_musl_eabi/pkginfo/linux.default.install
echo "kmod-nf-flow" >> /home/runner/work/Zzz/Zzz/openwrt/staging_dir/target-arm_cortex-a5+vfpv4_musl_eabi/pkginfo/linux.default.install
echo "kmod-nfnetlink" >> /home/runner/work/Zzz/Zzz/openwrt/staging_dir/target-arm_cortex-a5+vfpv4_musl_eabi/pkginfo/linux.default.install
echo "kmod-nft-core" >> /home/runner/work/Zzz/Zzz/openwrt/staging_dir/target-arm_cortex-a5+vfpv4_musl_eabi/pkginfo/linux.default.install
echo "kmod-nft-nat" >> /home/runner/work/Zzz/Zzz/openwrt/staging_dir/target-arm_cortex-a5+vfpv4_musl_eabi/pkginfo/linux.default.install
echo "kmod-nft-offload" >> /home/runner/work/Zzz/Zzz/openwrt/staging_dir/target-arm_cortex-a5+vfpv4_musl_eabi/pkginfo/linux.default.install
echo "kmod-nft-fib" >> /home/runner/work/Zzz/Zzz/openwrt/staging_dir/target-arm_cortex-a5+vfpv4_musl_eabi/pkginfo/linux.default.install
echo "kmod-slhc" >> /home/runner/work/Zzz/Zzz/openwrt/staging_dir/target-arm_cortex-a5+vfpv4_musl_eabi/pkginfo/linux.default.install
echo "kmod-ppp" >> /home/runner/work/Zzz/Zzz/openwrt/staging_dir/target-arm_cortex-a5+vfpv4_musl_eabi/pkginfo/linux.default.install
echo "kmod-pppox" >> /home/runner/work/Zzz/Zzz/openwrt/staging_dir/target-arm_cortex-a5+vfpv4_musl_eabi/pkginfo/linux.default.install
echo "kmod-pppoe" >> /home/runner/work/Zzz/Zzz/openwrt/staging_dir/target-arm_cortex-a5+vfpv4_musl_eabi/pkginfo/linux.default.install
echo "kmod-nls-base" >> /home/runner/work/Zzz/Zzz/openwrt/staging_dir/target-arm_cortex-a5+vfpv4_musl_eabi/pkginfo/linux.default.install
WARNING: kmod-serial-8250-exar is not available in the kernel config - generating empty package
echo "kmod-regmap-core" >> /home/runner/work/Zzz/Zzz/openwrt/staging_dir/target-arm_cortex-a5+vfpv4_musl_eabi/pkginfo/linux.default.install
WARNING: kmod-w83627hf-wdt is not available in the kernel config - generating empty package
WARNING: kmod-itco-wdt is not available in the kernel config - generating empty package
WARNING: kmod-it87-wdt is not available in the kernel config - generating empty package
WARNING: kmod-sound-mpu401 is not available in the kernel config - generating empty package
WARNING: kmod-sound-i8x0 is not available in the kernel config - generating empty package
WARNING: kmod-sound-via82xx is not available in the kernel config - generating empty package
WARNING: kmod-sound-hda-core is not available in the kernel config - generating empty package
WARNING: kmod-sound-hda-codec-realtek is not available in the kernel config - generating empty package
WARNING: kmod-sound-hda-codec-cmedia is not available in the kernel config - generating empty package
WARNING: kmod-sound-hda-codec-analog is not available in the kernel config - generating empty package
WARNING: kmod-sound-hda-codec-idt is not available in the kernel config - generating empty package
WARNING: kmod-sound-hda-codec-si3054 is not available in the kernel config - generating empty package
WARNING: kmod-sound-hda-codec-cirrus is not available in the kernel config - generating empty package
WARNING: kmod-sound-hda-codec-ca0110 is not available in the kernel config - generating empty package
WARNING: kmod-sound-hda-codec-ca0132 is not available in the kernel config - generating empty package
WARNING: kmod-sound-hda-codec-conexant is not available in the kernel config - generating empty package
WARNING: kmod-sound-hda-codec-via is not available in the kernel config - generating empty package
WARNING: kmod-sound-hda-codec-hdmi is not available in the kernel config - generating empty package
echo "kmod-usb-core" >> /home/runner/work/Zzz/Zzz/openwrt/staging_dir/target-arm_cortex-a5+vfpv4_musl_eabi/pkginfo/linux.default.install
echo "kmod-usb-gadget" >> /home/runner/work/Zzz/Zzz/openwrt/staging_dir/target-arm_cortex-a5+vfpv4_musl_eabi/pkginfo/linux.default.install
echo "kmod-usb-lib-composite" >> /home/runner/work/Zzz/Zzz/openwrt/staging_dir/target-arm_cortex-a5+vfpv4_musl_eabi/pkginfo/linux.default.install
echo "kmod-usb-gadget-eth" >> /home/runner/work/Zzz/Zzz/openwrt/staging_dir/target-arm_cortex-a5+vfpv4_musl_eabi/pkginfo/linux.default.install
WARNING: kmod-usb-uhci is not available in the kernel config - generating empty package
echo "kmod-usb-ohci" >> /home/runner/work/Zzz/Zzz/openwrt/staging_dir/target-arm_cortex-a5+vfpv4_musl_eabi/pkginfo/linux.default.install
echo "kmod-usb-ehci" >> /home/runner/work/Zzz/Zzz/openwrt/staging_dir/target-arm_cortex-a5+vfpv4_musl_eabi/pkginfo/linux.default.install
echo "kmod-usb2" >> /home/runner/work/Zzz/Zzz/openwrt/staging_dir/target-arm_cortex-a5+vfpv4_musl_eabi/pkginfo/linux.default.install
WARNING: kmod-drm-ttm is not available in the kernel config - generating empty package
WARNING: kmod-mmc-at91 is not available in the kernel config - generating empty package
WARNING: kmod-pwm-atmel is not available in the kernel config - generating empty package
echo "kmod-at91-udc" >> /home/runner/work/Zzz/Zzz/openwrt/staging_dir/target-arm_cortex-a5+vfpv4_musl_eabi/pkginfo/linux.default.install
make[2]: Leaving directory '/home/runner/work/Zzz/Zzz/openwrt/package/kernel/linux'
time: package/kernel/linux/compile#2.13#0.20#2.32
make[2]: Entering directory '/home/runner/work/Zzz/Zzz/openwrt/feeds/base/package/network/utils/iptables'
make[2]: Leaving directory '/home/runner/work/Zzz/Zzz/openwrt/feeds/base/package/network/utils/iptables'
time: package/feeds/base/iptables/compile#0.20#0.04#0.23
make[2]: Entering directory '/home/runner/work/Zzz/Zzz/openwrt/feeds/base/package/libs/libnl-tiny'
echo "libnl-tiny" >> /home/runner/work/Zzz/Zzz/openwrt/staging_dir/target-arm_cortex-a5+vfpv4_musl_eabi/pkginfo/libnl-tiny.default.install
make[2]: Leaving directory '/home/runner/work/Zzz/Zzz/openwrt/feeds/base/package/libs/libnl-tiny'
time: package/feeds/base/libnl-tiny/compile#0.16#0.04#0.18
make[2]: Entering directory '/home/runner/work/Zzz/Zzz/openwrt/feeds/base/package/network/utils/iproute2'
make[2]: Leaving directory '/home/runner/work/Zzz/Zzz/openwrt/feeds/base/package/network/utils/iproute2'
time: package/feeds/base/iproute2/ipfull/compile#0.20#0.06#0.24
make[2]: Entering directory '/home/runner/work/Zzz/Zzz/openwrt/feeds/base/package/network/utils/iproute2'
make[2]: Leaving directory '/home/runner/work/Zzz/Zzz/openwrt/feeds/base/package/network/utils/iproute2'
time: package/feeds/base/iproute2/tcfull/compile#0.18#0.07#0.24
make[2]: Entering directory '/home/runner/work/Zzz/Zzz/openwrt/feeds/base/package/network/utils/iproute2'
make[2]: Leaving directory '/home/runner/work/Zzz/Zzz/openwrt/feeds/base/package/network/utils/iproute2'
time: package/feeds/base/iproute2/tcfull/compile#0.20#0.06#0.24
make[2]: Entering directory '/home/runner/work/Zzz/Zzz/openwrt/feeds/base/package/network/utils/ipset'
make[2]: Leaving directory '/home/runner/work/Zzz/Zzz/openwrt/feeds/base/package/network/utils/ipset'
time: package/feeds/base/ipset/compile#0.15#0.06#0.20
make[2]: Entering directory '/home/runner/work/Zzz/Zzz/openwrt/feeds/base/package/utils/lua'
echo "liblua" >> /home/runner/work/Zzz/Zzz/openwrt/staging_dir/target-arm_cortex-a5+vfpv4_musl_eabi/pkginfo/lua.default.install
echo "lua" >> /home/runner/work/Zzz/Zzz/openwrt/staging_dir/target-arm_cortex-a5+vfpv4_musl_eabi/pkginfo/lua.default.install
make[2]: Leaving directory '/home/runner/work/Zzz/Zzz/openwrt/feeds/base/package/utils/lua'
time: package/feeds/base/lua/compile#0.18#0.08#0.23
make[2]: Entering directory '/home/runner/work/Zzz/Zzz/openwrt/feeds/base/package/utils/lua'
make[2]: Leaving directory '/home/runner/work/Zzz/Zzz/openwrt/feeds/base/package/utils/lua'
time: package/feeds/base/lua/host-compile#0.18#0.05#0.21
make[2]: Entering directory '/home/runner/work/Zzz/Zzz/openwrt/feeds/kiddin9/lua-maxminddb'
make[2]: Leaving directory '/home/runner/work/Zzz/Zzz/openwrt/feeds/kiddin9/lua-maxminddb'
time: package/feeds/kiddin9/lua-maxminddb/compile#0.14#0.05#0.18
make[2]: Entering directory '/home/runner/work/Zzz/Zzz/openwrt/feeds/luci/modules/luci-base'
touch /home/runner/work/Zzz/Zzz/openwrt/build_dir/hostpkg/luci-base/.prepared3f43f0bef61d9c7da978c5aaa2b64a6e_6664517399ebbbc92a37c5bb081b5c53
touch /home/runner/work/Zzz/Zzz/openwrt/build_dir/hostpkg/luci-base/.configured
make -C src/ clean po2lmo jsmin
make[3]: Entering directory '/home/runner/work/Zzz/Zzz/openwrt/feeds/luci/modules/luci-base/src'
rm -f contrib/lemon po2lmo parser.so version.lua plural_formula.c plural_formula.h *.o
cc    -DNDEBUG -c -o po2lmo.o po2lmo.c
cc -o contrib/lemon contrib/lemon.c
./contrib/lemon -q plural_formula.y
cc    -DNDEBUG -c -o template_lmo.o template_lmo.c
cc    -DNDEBUG -c -o plural_formula.o plural_formula.c
cc  -o po2lmo po2lmo.o template_lmo.o plural_formula.o
cc    -DNDEBUG -c -o jsmin.o jsmin.c
cc  -o jsmin jsmin.o
make[3]: Leaving directory '/home/runner/work/Zzz/Zzz/openwrt/feeds/luci/modules/luci-base/src'
touch /home/runner/work/Zzz/Zzz/openwrt/build_dir/hostpkg/luci-base/.built
install -d -m0755 /home/runner/work/Zzz/Zzz/openwrt/staging_dir/hostpkg/bin
install -m0755 src/po2lmo /home/runner/work/Zzz/Zzz/openwrt/staging_dir/hostpkg/bin/po2lmo
install -m0755 src/jsmin /home/runner/work/Zzz/Zzz/openwrt/staging_dir/hostpkg/bin/jsmin
mkdir -p /home/runner/work/Zzz/Zzz/openwrt/staging_dir/hostpkg/stamp
touch /home/runner/work/Zzz/Zzz/openwrt/build_dir/hostpkg/luci-base/.built
touch /home/runner/work/Zzz/Zzz/openwrt/staging_dir/hostpkg/stamp/.luci-base_installed
make[2]: Leaving directory '/home/runner/work/Zzz/Zzz/openwrt/feeds/luci/modules/luci-base'
time: package/feeds/luci/luci-base/host-compile#0.69#0.12#0.78
make[2]: Entering directory '/home/runner/work/Zzz/Zzz/openwrt/feeds/base/package/system/ca-certificates'
echo "ca-bundle" >> /home/runner/work/Zzz/Zzz/openwrt/staging_dir/target-arm_cortex-a5+vfpv4_musl_eabi/pkginfo/ca-certificates.default.install
make[2]: Leaving directory '/home/runner/work/Zzz/Zzz/openwrt/feeds/base/package/system/ca-certificates'
time: package/feeds/base/ca-certificates/compile#0.14#0.06#0.19
make[2]: Entering directory '/home/runner/work/Zzz/Zzz/openwrt/feeds/kiddin9/hysteria'
Makefile:28: /home/runner/work/Zzz/Zzz/openwrt/feeds/packages/lang/golang/golang-package.mk: No such file or directory
make[2]: *** No rule to make target '/home/runner/work/Zzz/Zzz/openwrt/feeds/packages/lang/golang/golang-package.mk'.  Stop.
make[2]: Leaving directory '/home/runner/work/Zzz/Zzz/openwrt/feeds/kiddin9/hysteria'
time: package/feeds/kiddin9/hysteria/compile#0.11#0.04#0.14
    ERROR: package/feeds/kiddin9/hysteria failed to build.
make[1]: *** [package/Makefile:116: package/feeds/kiddin9/hysteria/compile] Error 1
make[1]: Leaving directory '/home/runner/work/Zzz/Zzz/openwrt'
make: *** [/home/runner/work/Zzz/Zzz/openwrt/include/toplevel.mk:222: package/luci-app-vssr/compile] Error 2
